11 212 286 193 187 129 230 172 26 22 250 231
6 296 277 157 191 235 297
8 168 261 232 28 64 117 289 270
9 85 299 225 44 29 254 86 76 252
7 249 146 268 6 118 55 130
4 275 170 139 47
5 41 91 239 237 206
5 0 50 195 78 165
6 87 32 158 269 31 2
6 75 217 163 93 264 9
5 108 102 61 266 66
6 184 207 90 291 115 17
3 34 101 192
6 80 188 40 3 138 30
6 259 38 14 253 35 100
4 180 295 147 145
3 164 48 228
7 88 24 56 267 128 298 67
2 216 12
3 103 112 229
4 162 27 5 120
4 110 119 51 169
4 294 82 109 155
3 148 201 97
3 167 181 77
4 127 209 223 52
3 54 265 211
4 203 73 45 37
5 213 202 23 238 173
2 159 141
5 161 263 236 81 262
3 13 140 71
4 260 177 248 279
4 276 197 20 247
3 72 25 215
3 95 98 189
4 285 160 292 175
3 116 196 183
2 8 59
2 62 152
3 133 219 278
3 156 42 176
3 290 131 123
2 92 106
3 15 205 186
3 4 16 280
4 63 190 255 84
2 273 256
3 136 83 69
4 150 70 199 194
2 107 288
4 74 166 283 182
2 210 104
4 282 122 287 240
2 7 293
2 96 43
3 271 124 251
2 245 154
2 137 126
2 134 272
2 218 135
2 226 142
2 58 1
2 105 94
2 125 49
2 227 233
2 19 143
2 220 257
2 99 151
2 144 208
2 185 178
2 246 153
2 21 149
2 68 132
2 18 274
3 224 222 46
1 121
1 244
1 284
1 214
1 111
1 243
1 39
2 60 53
1 171
1 11
1 258
1 198
1 200
1 204
1 57
1 114
1 79
1 281
1 113
1 174
1 10
1 89
1 242
1 241
