5 9913 3739 4450 9346 7809
22 303 7040 769 157 4742 9020 7141 61 222 7320 9996 8699 3103 8832 5598 8104 3557 3833 3469 1738 1922 7458
2 8890 2887
3 1178 8719 4557
2 3654 1000
3 4679 9186 3491
19 3156 677 2576 519 585 5424 489 1447 9670 3409 5517 8557 2783 2512 3051 1773 1970 2288 9489
2 2384 3560
21 3580 3692 2531 8149 1438 9698 8406 6849 5744 7585 2026 8219 24 5025 9626 6942 493 8028 864 3751 8402
3 8578 310 9693
3 4829 7075 9520
4 7913 2717 872 6600
3 8773 1844 3111
2 9121 5071
22 4839 6916 6695 6263 29 2507 6706 3236 6780 4693 7104 4648 271 7357 8158 6645 3468 5409 1433 5382 3216 1555
22 1335 1066 3817 2941 5406 6418 3333 3168 2123 1363 277 3990 1794 1613 9402 9731 1729 6503 2782 3135 412 2528
3 563 4006 7678
18 4435 3025 610 1528 6404 1170 9935 7993 6740 5377 6786 8795 6843 5678 6877 8373 9436 6527
2 2418 8727
15 1992 1735 8587 6269 3410 5358 2538 2788 5402 3426 1625 6076 39 8111 9803
3 6252 9019 4793
3 719 7684 1344
3 9550 3230 3207
2 7468 1626
2 7013 4941
3 311 1143 6686
2 8670 7433
4 6403 2981 7122 8000
2 6039 4469
2 8227 5067
18 1138 8728 5161 2278 4307 8787 8302 6053 3294 565 6220 4421 2742 3773 8956 7811 6463 2669
22 9084 8675 4601 4346 4056 6502 961 3697 400 394 9412 6536 6293 9702 1910 2928 8035 2115 5780 3028 1327 3153
18 8292 6961 8395 5381 7293 7499 7864 9852 726 5887 8784 9090 212 9735 6200 3117 7506 3507
2 6321 7581
20 1209 7861 273 8310 5716 7401 4066 4536 3245 7329 4761 825 9071 7097 1721 4877 8767 9229 5864 978
2 7227 4818
4 6031 7196 6515 9049
17 445 4475 9347 945 9851 1674 9627 4910 7319 8586 6402 1553 9613 5764 582 233 8330
9 2015 2112 6399 8902 951 457 7028 4420 3755
2 2176 6753
3 7862 5562 9824
8 8758 854 3849 1777 6647 2346 9569 204
8 7109 5295 9011 4913 6762 5603 3537 9868
2 7325 7909
2 1135 8824
2 7716 492
3 666 7453 4301
4 5649 1246 2486 8572
22 7952 9411 7877 8489 5304 4428 7230 9544 5654 7768 8803 856 6133 849 8739 1412 3867 3999 2323 7802 3161 1545
14 768 3311 7677 7553 627 6327 8464 4017 908 4138 8397 7304 142 3458
17 4948 3758 6304 1995 6003 6305 7759 7019 4656 7103 6580 461 9421 2470 5134 8432 5969
18 5018 6815 372 7799 8189 1512 4414 2147 9806 4502 266 7438 8445 5920 2074 5008 8605 229
21 8703 3307 8179 8698 7709 1113 8055 328 3024 41 5049 3138 8566 8529 6484 7534 9649 4947 1027 6521 8301
3 8711 3225 7376
2 8965 4646
22 4094 6002 4855 2008 4586 3546 8213 1609 8262 5227 7224 8458 2436 6202 1835 633 4404 6333 3163 7778 4470 9360
3 3578 23 4483
12 8878 7373 4207 5602 4387 4863 1024 8020 3811 979 4100 8596
2 3321 7632
16 5497 4618 6277 2912 4495 3540 5615 9137 6206 3334 2881 9138 5437 199 7383 820
27 4379 741 2020 2828 1384 6139 2838 5491 3329 3017 1313 1503 4511 4815 7693 7434 1564 9574 3789 5214 4429 3782 839 8081 9062 2483 7760
2 1192 3341
2 5991 2939
2 3647 773
2 8967 1190
10 1105 4255 9289 313 3044 4594 7614 428 4838 6665
23 2735 7463 2559 9283 6633 4873 477 5727 6110 1323 3176 1240 6004 9495 7448 3122 3779 6013 8326 6855 3659 5975 3224
22 2949 541 6115 55 583 3564 9291 7020 8370 9559 3544 3066 7994 4088 6280 8940 7535 7392 8820 6059 8571 2463
16 7957 580 3008 7711 513 4848 6265 7557 8614 502 9255 5711 4154 4224 3709 5891
17 1978 6689 6656 3005 4885 9452 5890 6410 6208 9503 7555 4003 2937 9418 389 5272 2253
20 7429 5860 4143 5341 2327 1407 7156 7889 1090 7314 3603 1326 511 7846 172 9920 5444 1706 3656 9304
19 7399 8559 6952 5222 2589 6239 4208 9274 4020 4507 9199 1406 6498 2377 6120 2802 280 4523 4868
3 8184 1785 2445
3 3708 7990 7600
3 3696 4588 5059
24 3055 3149 6649 9187 19 9166 3579 1013 5387 2523 9869 5189 381 4228 380 2426 8505 47 1252 5748 209 1947 2099 7713
3 6912 6238 6960
17 549 5343 9820 3640 8449 7129 200 2566 8588 9819 417 1346 9463 415 4317 1015 8654
2 9459 6610
2 9927 6441
21 6901 5885 8420 3239 1414 7687 7114 3572 1635 4455 1697 9042 4153 6244 9897 354 6850 6298 2407 9740 1087
23 4214 8564 113 2738 3148 4437 9768 9691 9965 9306 7934 95 5719 1627 8786 7810 3050 15 3722 5123 943 8722 1680
15 9675 9979 6361 6529 3596 9985 2056 7884 3325 2551 4537 5816 624 8599 7025
2 3358 8730
14 9449 497 8059 3778 4720 7380 1949 3565 5262 6699 8492 8788 1559 1207
2 7804 2430
23 7070 4008 1879 1353 1605 2603 4882 9128 8021 8892 6409 3566 9464 507 7691 2907 6519 7043 1524 249 7635 1368 5886
18 4059 5769 5902 554 7064 817 3651 9267 533 7710 9890 1565 5426 1211 4104 8534 7501 180
3 2297 6591 8433
2 2718 6018
19 4309 6662 5237 3104 6875 3129 5668 3605 4630 3384 9737 8239 5941 9474 8659 8926 2541 4492 1293
2 7948 4325
17 5693 7186 3197 8736 6884 3396 3976 6340 8187 830 9134 3276 4709 5815 4119 933 7061
2 3608 5968
19 8329 2324 7612 2313 6485 8073 8448 4657 4194 5686 9109 6426 3865 2599 3829 3547 9403 4373 2709
14 3253 8978 4080 5359 5712 656 2706 6657 6956 5743 1942 4636 7972 5084
19 1273 5971 1332 5218 3951 5510 8426 5282 210 6023 2132 3966 5809 7882 2270 7014 4406 6116 5513
18 1867 5858 3029 3092 3821 718 3398 7372 4973 8274 9180 4602 1177 2173 3439 9899 5985 644
2 5983 7482
16 6807 8029 3826 4184 4349 4794 6922 69 6430 4355 1676 6548 7503 9547 6446 7147
4 5332 4329 2007 3931
13 5192 9799 789 9744 1227 5662 7816 9817 137 9784 318 9708 9723
2 7575 7362
4 1874 8253 3809 54
21 3607 1724 1838 2429 4583 8435 5856 2511 1010 3816 3445 3188 823 9497 6248 3974 833 382 9636 2156 3827
20 7657 4098 9046 696 8459 7398 3067 3068 9974 9757 3208 5955 8868 8309 9364 8782 8300 8546 8553 6080
3 3147 3086 9515
2 306 8994
15 268 8630 3249 2714 8783 2357 5954 5516 9078 8989 5234 3530 9579 6583 4580
22 474 219 7849 2233 1372 9406 315 6804 1267 8203 7690 378 9002 6903 9981 3663 6356 2171 1061 4337 4332 2814
14 1269 3430 3541 2973 6711 7430 8323 6024 4666 4872 7609 6319 7015 3791
22 8204 7455 5881 1860 2006 2143 8207 4112 4706 753 3036 7191 2797 8585 2556 194 4493 487 4371 6235 5105 8422
18 700 6189 6767 902 4260 6851 7249 4661 7255 1054 4953 6222 5679 5913 742 10 5919 641
17 3090 6765 780 9733 6575 9104 3632 1215 9845 7931 6865 2649 9392 9080 1853 905 8047
4 3202 4390 7182 8013
3 606 2866 2951
16 5299 1421 1869 3830 146 7226 9341 9576 2748 506 7267 7630 2596 3389 9933 3824
3 7346 1695 7773
4 9864 6744 3088 5883
22 6822 8848 661 6924 8382 1142 1530 6984 4615 9282 6523 2453 4807 6864 8298 9082 5391 9079 8348 6397 6432 1022
26 6412 9207 3667 3049 2079 7210 1100 6752 3972 7685 8085 6473 1311 5193 636 938 3765 1628 1688 8127 929 5004 7137 4386 5216 4949
20 1664 6900 7188 2536 5034 3891 9030 8254 3840 1863 9286 9345 9182 9238 9478 5158 1286 578 600 1546
7 1803 3986 8830 9232 7749 4482 7621
22 3371 1883 1637 1784 8932 2106 7471 9191 7428 3411 802 439 1685 4704 846 3669 2954 6197 5733 6264 174 9642
23 1560 7512 4781 6168 5771 1908 4109 7442 6125 6141 5241 5369 4302 6041 2319 5394 1042 3532 808 5168 3515 2654 923
15 5445 5307 6825 6058 9165 6746 1710 1693 8551 9179 3776 1352 5221 2263 4417
8 1315 4629 881 2982 5557 5593 6090 7264
2 5480 766
3 2917 4736 1064
18 9313 5090 9549 32 2520 5601 9068 6618 799 9508 5838 4840 1316 7960 7195 7262 6449 3861
15 1515 1111 2036 4826 7263 1755 3904 3317 8609 6873 1756 7879 6727 1789 6834
4 8088 5813 6621 3388
16 5934 4065 8038 4344 7663 4884 5092 9880 6320 7970 1219 9147 2298 8202 8971 6667
3 2519 5478 4177
3 4467 1956 9999
12 4644 8996 2330 1470 9987 4698 379 7125 3272 9451 3246 5784
3 8071 7239 6935
23 3457 7140 567 1593 8376 9401 5698 5425 2784 975 5089 2686 1430 6480 2809 3947 1700 1791 7277 7680 5103 1821 3705
24 568 3918 9405 9473 7180 8774 9666 8328 9586 4705 992 7494 8747 8652 3453 1282 4591 1561 6251 5694 4569 7796 9592 5979
20 6381 4084 5626 730 3740 2480 494 6062 8620 694 2178 8115 9435 1229 7050 2823 8082 5325 6112 913
5 1563 7988 8667 1037 1998
24 84 8447 409 8573 7465 6718 6316 435 9751 9127 8194 4029 7843 3970 1598 991 7599 3006 8661 5000 6301 9331 1699 7519
4 1757 2177 446 2521
23 9563 1689 530 2293 4980 57 98 3414 2442 8157 9538 1494 9743 2240 4245 4749 4274 6164 3949 698 6006 7782 9530
2 7444 6143
3 7355 1140 437
28 5717 1651 8713 2422 2641 7975 1251 7117 1986 9654 4028 100 3199 7445 254 3685 9321 4043 2680 1464 7425 2004 8702 5754 3536 3730 994 8910
24 3693 9052 1852 6457 5213 9316 7704 1830 2338 950 4205 1245 1601 4481 6538 3952 2805 285 5650 8906 7966 539 340 7522
3 2736 2593 8070
19 1776 1734 5990 4635 6069 166 6550 4940 6805 8379 9830 691 1193 8617 7344 3173 6387 6129 835
2 6377 2265
2 9925 2620
2 6466 9359
3 6879 7655 9525
13 3549 7662 553 6832 5847 8481 744 2431 1474 880 684 3091 9910
2 4411 5578
25 1040 6155 2198 9625 8629 7876 9557 986 2781 9477 7903 2382 6078 3222 267 7872 6880 3810 345 6542 1893 2693 7978 9024 8280
14 9216 1186 935 7193 5285 9394 2790 7287 5380 8244 4335 2558 8245 1114
22 6541 7435 2942 6199 699 4935 5875 9246 1200 1221 5017 8155 8653 9712 5782 3510 7912 6722 1604 81 5914 2448
2 2573 5821
33 8271 5808 739 2899 892 2963 7546 8198 5205 5507 7172 8434 3112 1843 2217 3746 1864 1660 6451 3181 4121 2977 584 6668 6646 7439 8153 9181 2643 5148 5828 5190 6770
17 4071 9804 4673 4376 1580 5554 5746 7162 5400 7010 7342 3221 8099 5383 1941 8679 3870
2 5091 8895
24 3444 4624 3200 2305 8856 6119 6526 4034 7211 4966 4767 35 8188 1199 1168 5347 1554 9672 153 5905 4753 333 2698 4022
25 7318 658 3575 6558 5500 2642 3512 2651 9610 2585 9564 9037 348 9836 8800 2246 6581 7510 7817 105 4351 2222 3935 8754 9914
24 2465 5540 655 6634 206 5012 4063 1913 6173 8864 7080 282 561 4810 8954 8064 7139 1606 2054 2125 5597 675 8331 3517
19 4078 332 6245 6615 7477 9158 1518 8072 716 1348 2754 9754 7285 7420 9258 4465 6306 8141 1713
6 4717 408 3774 2690 4468 218
1 4887
17 5868 1959 8991 1655 5287 6012 9100 9065 5457 1048 9837 473 4871 8545 7072 384 1284
8 3381 3767 6382 7491 6100 6599 450 5573
11 499 2710 928 8844 7461 6344 7367 9732 31 262 418
18 4494 284 7787 9815 6985 102 6971 3615 9912 6946 601 9270 2796 2645 819 6309 4131 4321
19 2432 4405 2999 9738 7792 2335 674 2216 9284 448 1264 7737 8209 5622 3847 2416 7521 919 7432
15 920 4830 376 9926 704 4888 832 5021 7316 4024 8237 4930 5582 3689 3367
14 1543 1422 6966 3584 3220 1365 1981 4204 3550 9143 8248 2295 2365 4604
24 2695 6669 5636 483 5710 2118 3433 2605 1968 4249 2537 1324 3699 3145 7940 6352 9029 613 6154 2136 4339 5157 1150 1958
21 3442 4733 5663 5054 92 2464 6247 2291 1102 2031 6772 9298 1050 2359 9509 8240 2879 3526 6995 5044 1288
24 297 5572 5466 3160 3461 8462 3375 4115 8791 7686 1745 6420 4433 4802 5340 8334 9021 8881 4175 2237 5463 9533 8199 7731
23 5324 2495 8040 9680 4938 7174 9561 5994 599 6455 5658 9361 5514 9828 8450 546 125 6572 5590 7895 8828 2391 89
15 9976 8173 7732 7282 7595 9151 6907 688 6363 8177 8471 1071 4856 4612 3638
26 3471 5027 8715 3989 8351 150 6771 7243 6048 4410 6132 772 7941 5001 93 7176 5169 6622 8857 5085 1964 4763 4998 7051 7918 7053
2 476 807
2 187 1018
4 1399 9750 1426 623
14 7108 4068 5317 6416 8438 5171 5763 189 129 736 7295 5130 611 4490
27 1492 3170 6123 1630 4164 442 9487 7406 8995 1263 6512 6601 7364 8421 2393 8063 6751 2715 8200 4603 7511 8815 4252 2628 1156 3975 5390
4 8306 9921 3733 9312
24 6913 8277 4196 6307 3991 4223 5477 7085 761 2731 8681 6729 7150 6066 8785 7679 984 8549 288 2812 6520 556 2070 1594
24 8102 874 482 8133 7190 7102 921 3393 7381 4654 645 1747 1768 9821 9233 9863 2510 6530 1759 1183 259 3305 948 2491
27 6150 3368 7574 6710 9485 4914 6537 629 2180 6121 6392 2089 2151 7847 1281 6680 9630 5106 7271 1763 3996 2966 8704 2226 2876 9811 8582
10 9349 7483 3232 6894 8822 6720 5980 3431 5811 6514
3 7464 5742 9600
25 375 9385 5756 2167 4990 141 9273 1276 1453 8413 2857 877 5534 3650 1977 9161 5100 2945 6435 6614 1744 2347 1659 8738 8012
28 6456 7000 248 9450 1223 3885 3542 6186 853 9537 6739 444 7558 2969 8259 3487 3717 3747 3395 4107 7747 4950 9760 2692 7540 3324 9099 7105
2 4011 240
25 7229 965 5829 8146 2934 2657 8915 1955 91 6784 3793 4141 2760 8316 1537 7259 5453 6692 4004 4051 9518 1926 9660 5098 2308
2 3539 8139
28 6694 8484 8425 5948 2791 2230 3354 498 4659 7554 9645 7113 4353 320 7164 6824 3828 9047 1322 2798 4229 3563 2872 5625 2689 7844 2617 391
21 2883 1046 8682 2675 3807 9156 2220 4939 816 9734 1932 7397 7330 7945 3018 9105 7056 5392 8837 5896 5412
25 6794 6658 9595 7927 3073 7870 5732 8823 6742 8671 3583 5539 4756 3482 4117 4819 6378 2684 4074 9083 9788 4559 4898 1118 4996
10 1002 8793 1459 8819 5725 4715 2825 1936 5198 1385
24 3988 9314 2916 3057 4713 9685 8973 2673 138 7490 9874 2670 537 3748 6648 8930 2565 2619 2302 3001 8206 5322 3903 8870
30 6724 3910 7446 9144 7867 3786 8042 4171 1997 2385 1511 3326 7901 8444 6641 9823 987 1513 9929 5801 3428 7883 8944 2496 2405 9541 631 9791 3043 1881
16 3629 8167 5803 3675 164 7840 2355 7513 7682 4443 1889 9372 9519 3252 4476 2914
26 7561 8410 6567 7253 7041 7456 7984 4782 7628 377 3490 2525 6213 4906 4163 1535 8170 1331 8759 2378 8295 6941 5930 4994 6060 4023
19 8518 4744 4366 5998 2444 4584 2128 8909 4089 261 4166 8317 8975 134 4517 755 9220 1636 8934
22 7929 2896 5888 2181 6413 3585 241 1081 7135 4772 2343 3432 1237 7729 7921 2572 413 1321 6349 9883 7416 8119
17 6745 156 6659 8506 607 3940 5700 4992 9748 5660 3308 4082 264 8249 2310 5850 9990
26 734 6756 3403 4225 2401 1500 6101 6638 615 9505 5405 8953 1873 8007 2882 4135 3738 6225 5178 8732 6108 8391 3327 4510 8441 383
15 7347 9462 6716 2984 7411 3320 5898 1289 5345 3769 8751 1462 7052 3825 4013
28 5245 5393 4200 1121 2975 481 2711 2639 6474 422 5853 1862 3531 3466 8493 8768 4221 5909 3330 5019 7886 1780 1797 860 2933 8606 8633 7133
21 6783 7579 2207 6475 2979 1250 9264 2467 4854 6983 8403 7570 52 9441 8886 2678 184 9984 7152 4181 7992
12 3362 6910 2602 7699 1342 5589 6725 6759 1354 447 4936 1452
23 5970 6563 208 982 3993 4544 3783 5124 8595 8952 5140 4658 7665 8325 3599 7200 6687 9301 7337 5989 3716 1633 9885
2 4027 7813
33 8342 9556 9087 3424 9640 2904 3105 4170 2577 1527 9684 6809 4485 3477 3054 8945 5777 5082 3845 7009 4989 1921 1640 7352 588 2440 191 7859 3715 2728 3688 8147 5037
28 9003 7248 7666 1272 6836 2952 2250 1222 1232 2661 9262 2967 5995 230 9054 5704 5166 2451 6681 2561 167 5053 4146 9697 4357 1976 6365 8201
14 873 867 8761 847 8687 6043 3794 1241 8473 6217 9664 2469 7898 926
20 6831 5621 1634 1349 161 6098 708 5070 3905 6000 8624 8291 1854 7854 8946 9338 6914 3959 7450 7568
29 3527 109 4546 6493 2915 4233 8224 9705 6438 8575 4558 9761 5957 7246 5014 2648 4689 5674 6625 4358 7502 4173 7815 3635 7127 8114 1623 6311 6152
26 7956 3475 9543 1550 922 6216 1884 3205 1443 4035 7794 5212 2320 9160 9130 8821 7167 5372 7294 5608 5624 8845 9966 7436 1076 2251
26 8950 7451 4959 3601 2455 4875 1508 3119 8191 942 5366 524 1176 8548 6597 3027 1781 767 7560 6055 9170 4174 5961 5536 690 9876
22 2135 8440 5699 8346 290 3047 1386 5799 2578 8955 4328 6009 852 5101 643 4123 3315 6495 2047 8982 5950 1615
13 5440 6630 4532 9319 3524 216 6897 6977 8359 5136 5496 5281 251
2 8175 5254
28 8509 6951 326 8285 2681 9297 9631 3114 8412 2119 8801 4113 4125 3077 2989 4690 8214 6380 8357 363 6947 5509 3548 1077 2454 9775 3413 231
1 5982
2 9483 3288
29 1993 2539 7631 1260 4867 5120 85 7580 5690 6159 6237 2893 5486 1424 1396 484 1612 7790 8749 4902 2473 4774 559 1654 3023 2843 2492 9488 1662
8 364 7153 6174 8356 1021 7218 9601 7228
14 1208 3292 5532 4092 3888 1253 3178 2290 2372 5736 2155 3787 7410 3286
22 4637 2060 3435 657 5069 649 2776 4347 1271 7004 5952 2765 5502 2364 5851 3215 8709 8743 3694 4811 1304 5501
1 7110
17 1778 5250 9263 7370 1008 7588 5908 5088 2097 4619 8400 2083 9826 3312 3848 4683 5988
24 2571 3116 8190 7933 671 6652 9457 2261 4331 4937 8160 6089 1668 4503 4472 4964 2003 1754 822 6014 1487 1056 9878 7348
30 6607 7082 5060 6068 4833 5112 7648 6021 6360 3921 5495 1369 4585 1256 8368 3169 4147 3672 4957 5238 5094 6511 1416 9900 2630 6207 932 4118 2376 5035
1 4796
15 9619 388 2122 724 8760 8656 9159 9381 6274 5379 7408 6830 9840 8891 1542
22 6228 5751 8128 3732 9033 8615 2543 6596 65 7793 9167 2209 7735 9822 217 6705 1016 9663 6099 5515 441 9714
29 3030 5541 6192 9813 9511 7668 9118 3366 66 8631 3623 4244 2206 9896 7770 3754 3016 8672 1679 8643 4073 5153 4514 652 5683 6214 6087 6010 2408
28 4687 2957 6747 4686 3022 4297 2105 6698 7209 9617 7232 6584 8876 501 709 353 2368 7479 6272 4870 9456 7280 609 6037 8322 6384 421 9146
20 88 5064 7762 3108 3278 7610 1876 5729 3846 4638 8697 9989 9841 5236 8998 5912 13 108 4577 5944
21 4058 5628 9035 8637 5263 2072 1746 2121 355 6566 3454 2374 9945 3570 6075 5151 6962 6617 2747 7951 3020
15 9514 550 8339 5730 9112 6932 1945 1119 5492 7754 2582 8048 6158 6994 1277
22 1305 2000 9135 300 5695 3451 1752 7643 5481 7363 4915 4219 7498 4238 6798 8032 3179 2616 7669 4768 5461 7836
19 7928 3338 7808 4441 5279 8766 4645 1431 5976 3818 5639 5186 4527 2201 3634 4963 8929 3887 4310
16 4758 1160 8263 6562 3534 9810 5156 5511 4007 2732 4409 6094 7071 1427 0 5953
35 2296 5113 842 5487 6741 9382 1723 9795 419 9116 9190 5006 9475 8378 9947 8694 6677 4965 680 2264 5962 34 2419 2303 9835 5793 359 6028 5770 5928 6661 6046 7476 1868 8046
2 5441 8345
2 2660 6348
25 3167 9512 1218 7692 6450 5576 175 1309 7457 5433 4832 7205 1255 3645 8247 6359 3805 1933 9588 9502 7068 9648 6917 8753 9938
16 4048 2777 7926 7145 6776 6554 6972 7694 7644 810 1925 6955 298 7368 4803 8925
21 2774 977 6818 2663 9429 7492 6989 1106 1220 5933 8266 365 2722 1709 9055 798 9798 4692 9580 8888 5563
1 2053
5 9954 4052 4678 4311 5159
31 2166 5818 8979 3196 608 9805 3866 3875 1588 720 5892 6255 5656 8367 2275 715 6243 4209 2498 7143 9444 9101 6389 1525 6114 605 4500 5664 8195 2818 8850
9 8192 1411 1126 4427 6612 1708 1858 9614 9993
16 1097 2110 6927 459 1415 1842 6462 3714 2524 6134 594 5141 7863 3298 8885 8036
21 7119 3594 3906 3502 5866 8937 3721 7971 6452 8610 5479 8741 116 2546 9603 2066 1096 8780 139 7899 5348
13 3291 7650 3508 71 9017 9946 7853 3039 6187 5946 488 8304 2457
17 6670 6904 3261 9923 9397 6042 3429 6737 6313 2506 2381 2889 6543 7788 6291 5485 322
18 117 6582 9192 7296 897 7633 5133 1182 3360 9077 8593 9275 9949 7736 9659 5949 7767 7904
26 7911 7116 1984 2424 7638 4299 4575 9657 3616 4652 5830 5045 5465 4924 990 9136 8009 6678 7291 2808 2438 6801 5475 1292 6499 548
25 2356 1845 6749 6969 2362 9481 1299 9872 1104 4605 6898 9333 4595 1999 3973 1687 9028 4262 6180 9124 7423 2481 3265 9454 3275
1 2591
22 9140 876 826 7769 6161 9934 4213 1937 1519 4970 5878 1827 9682 1308 564 5785 4997 1736 5138 5545 6505 224
19 5235 97 1004 9641 1294 6165 2835 9785 3992 4985 687 8565 8172 7055 2443 4231 6958 7720 7601
16 4352 76 6672 7037 3731 2740 6376 8004 6325 9713 2204 1847 5432 8923 3749 8308
20 6663 9952 147 7078 352 7645 6437 2580 1551 3593 5452 5482 4016 6937 9001 3079 2433 1882 2269 9967
20 4377 5087 5844 7048 1330 7245 8827 8705 1460 5031 6540 884 9040 4952 1337 4149 6065 1356 9097 7509
24 9901 3680 1496 1 4139 5043 6218 6331 1110 947 7562 7081 1181 8516 1839 8721 9964 5223 8436 4272 4412 8083 6768 165
3 1376 2502 4399
24 1888 871 2919 1994 8984 374 2315 6460 3785 9779 3121 4060 813 8562 9453 5298 9903 9542 8948 2847 1701 3184 5788 9334
19 6198 1944 4415 350 967 7062 7006 8027 8037 8689 2842 5671 4971 1611 1035 3792 3884 2273 7566
29 1815 8536 119 7236 8419 7874 4703 9209 9466 159 1355 8737 4653 7066 9513 2025 8933 3501 889 4322 2413 6353 558 6551 8579 4438 1586 6545 869
8 9763 1670 9540 9010 4570 2488 8226 1731
13 3743 894 6102 4608 4773 3506 8476 4738 3980 2195 5147 8762 2650
20 2720 6172 7812 4639 2234 6674 4561 5862 1538 4625 5992 334 5164 287 2120 3359 3771 304 2697 7391
30 1194 9620 2140 2235 8642 8555 646 292 7323 5701 8176 1930 196 2497 5305 4394 467 3101 5023 7351 2051 5428 6447 2826 9855 7852 4000 5812 9253 6
19 1206 7924 8502 5792 5464 9658 3323 1965 969 5430 5638 517 640 5126 8538 4691 220 2255 6278
21 3869 7134 1062 1779 3798 7276 4300 4623 4365 2745 6925 9867 6056 8969 4486 4086 351 576 8619 3837 1439
23 2061 5344 6279 9980 9729 2021 1307 659 1217 9879 6608 4278 80 4340 434 6146 205 7032 5202 1931 7723 3097 1730
10 1319 25 2500 777 3306 3642 4991 6145 5376 4987
27 7640 8816 9562 9064 7086 7785 775 8804 9696 1257 8220 8843 2415 5684 2142 4777 5211 9460 5288 4576 2514 28 5277 5346 3256 8265 5840
3 1817 6644 2746
20 211 8272 2107 4072 6085 7922 4202 8597 6974 723 6184 5104 77 2001 3143 5416 2069 9854 9865 7834
14 9393 8023 4285 1831 5872 3450 4712 7250 9724 9621 3187 2191 995 5531
20 7965 454 4944 7334 272 4264 2762 6859 3406 4370 9053 6886 9553 9843 3876 5489 5257 7038 143 2961
1 5903
14 423 9072 399 7179 2948 8312 5945 6790 3142 440 6988 2499 1652 8865
12 1381 589 4464 4621 6791 5834 7023 1398 4251 8778 3422 5179
17 7779 6793 8601 7999 9355 9539 3682 8017 3194 5197 5320 959 2027 8647 5072 8384 5791
20 2247 952 4869 6261 8510 8018 7920 8431 8951 4730 5083 6262 7046 3363 1533 9257 9986 7954 707 5575
5 3760 9231 3624 4054 6518
19 9888 3735 3775 1521 2078 9089 2104 3072 3893 5738 2462 2075 581 7520 8931 6701 9119 321 6323
30 1866 9254 6029 9164 4137 7092 2696 4786 5352 2702 1568 9276 9694 126 1914 1429 2713 5042 2154 2923 8051 4596 1762 6468 4797 2624 8503 8409 5364 9829
18 9847 8809 8831 1393 8918 6856 6920 2852 1891 8297 2406 1806 8197 5897 3681 4473 6889 7460
17 8731 7275 6297 5724 2375 293 5600 2921 155 127 453 8011 7706 538 1274 9048 3737
14 4525 693 1428 1477 5097 6949 30 470 3285 3449 7771 3762 5524 5493
9 4520 8632 4361 7258 5703 4333 1919 6355 7953
1 1880
28 9581 1804 2518 6454 5503 245 4291 128 1667 9832 5160 2260 8806 3839 2652 9790 2837 5627 5708 3930 8958 4148 3552 312 3273 879 8430 5434
7 5371 4419 3337 1663 8365 9599 1120
32 7088 9469 168 3462 989 3602 2992 4246 3938 9419 3038 4607 8243 5899 2292 7203 1466 3174 3269 1325 5052 6357 9247 5154 4824 1094 5739 6005 1129 651 8641 4005
10 3729 7835 8875 5349 7538 4183 3094 6035 5294 4599
19 9325 5260 8229 5907 5076 7873 9376 4232 2793 2768 5484 2092 9772 1231 1506 2197 3702 2806 4778
28 6424 2780 9353 6842 1792 3420 5291 6967 2653 3082 3901 8407 3802 2042 5904 7573 2153 508 1320 1671 6578 964 6157 362 8276 5889 9067 4891
29 7198 1030 9012 8835 3915 8554 9681 8273 7683 751 8882 6902 7830 6223 9272 4496 4942 6081 6970 2535 4651 2057 9582 7497 5762 3304 7496 2172 7181
24 3257 3263 2399 9575 2333 3493 9871 6896 596 7309 4326 1595 1051 6868 8077 8922 9978 6427 4275 3376 9958 2342 3630 2830
10 9044 1442 562 4862 2024 1820 2878 2858 1758 5046
16 2316 5794 2164 4314 6036 4477 4560 1770 6525 5229 4974 4254 3700 6070 1751 9568
12 1146 9848 5102 2344 1144 1379 5657 4620 1764 784 9069 6934
9 2212 3516 8914 8270 7121 1285 5505 176 8499
11 7284 8031 5327 1026 8145 1468 8041 5355 1990 6911 4220
7 3936 9528 8478 5787 5002 471 7146
2 6544 6285
2 6190 3559
29 2986 6128 3083 5783 330 3190 7856 8094 886 3157 3211 2304 6181 3625 8903 3919 1469 9378 7222 6282 2485 9607 528 460 3151 255 8561 5230 2329
20 9305 5635 6703 1716 1871 9963 5584 5835 106 9027 5329 8475 5917 1358 9455 1846 4097 8340 722 5512
17 8962 8798 2972 2626 7823 9103 7627 3496 4850 940 4380 1720 2612 3835 4364 9770 3120
9 1023 7703 985 3703 6986 8218 4823 1350 3857
30 9523 1904 1201 2997 9202 4643 3958 6182 8970 843 6885 7301 3345 9482 2248 5715 2613 1031 1702 9833 5614 1283 9653 4169 4463 7385 1074 4701 579 750
5 7613 5705 8251 1157 144
19 2869 9687 2737 3443 74 5559 2501 7090 7746 2428 5648 4609 6095 4288 6899 1092 9384 4191 1107
1 1855
20 3855 1475 9031 8182 4675 5210 4834 6655 2557 2214 7914 8052 8936 2911 3660 2894 3503 2002 706 976
9 4070 7658 9094 3465 3198 5176 3558 5842 2625
13 3193 7528 6736 8034 4954 1382 9295 9957 7478 257 3134 5331 4393
13 2751 5498 2700 5330 2759 574 6175 9527 5609 7744 7261 6721 2363
1 8563
34 8024 3459 8574 9633 3191 9769 152 475 7208 1079 4792 3666 3133 5535 7764 3476 9388 1297 3271 6064 8987 800 2093 6707 2340 2817 5396 7488 6017 958 1484 5296 9764 9374
31 8792 7637 5182 3554 956 8854 2033 4099 1587 2640 2771 7415 7636 7829 4821 8293 1985 1690 9183 1302 7187 1075 2478 1975 238 9862 6509 3965 4554 5408 6964
20 713 1189 8938 7466 8257 7274 9230 5247 9554 9225 5080 1610 3472 3917 201 2827 4199 8724 2257 5404
21 8477 2548 275 8105 7587 1783 6605 686 3788 7454 4144 6653 9193 988 75 5121 4504 4067 8501 2902 3064
21 4836 4664 244 4195 4857 2141 8193 5804 8917 8284 9175 9583 717 9245 1172 1400 6249 7996 5876 9123 3158
22 4842 6188 1523 9623 5451 6367 1541 2345 1236 9458 11 543 3968 628 6928 9324 9689 7880 1486 7670 1131 9350
11 1529 5255 2517 5066 7328 4172 8389 2337 5460 9472 1507
27 6135 9524 8110 3636 4256 9962 7602 9570 3146 1584 6882 3267 4555 7707 3494 9357 5350 3293 8500 9373 2703 4403 570 3671 2822 4242 1185
28 8290 1233 9634 3319 6398 169 1175 5036 2126 8851 8990 949 7065 946 4899 6975 7726 5747 7547 6561 8592 752 9644 8825 4040 3012 8467 9606
2 9377 8913
17 9752 5306 3227 2959 8576 6719 8691 5016 6072 4436 6564 5634 1488 140 2795 9909 5415
25 2944 7916 4593 6476 7515 5915 4806 402 4426 2885 9026 6953 3210 2584 8335 6887 3282 7841 915 7800 5373 6124 2326 4129 3871
19 672 4724 1436 3790 9288 5268 6883 7629 3657 5032 8512 3926 5152 6773 1877 8006 8221 6761 8716
6 8968 6015 831 8451 7623 8123
1 9287
7 5553 486 3957 2011 8541 6819 2998
24 6160 3513 5228 6336 2547 1799 4642 9141 5386 9171 2360 6312 3404 2712 5313 8584 7727 3392 1618 3960 8974 8999 1216 2134
28 8520 9410 2831 1109 7837 5579 9628 8486 3007 1967 9043 9809 3686 397 4801 7273 8662 9593 6117 7033 9807 7973 3031 3533 393 3662 2786 3107
8 9252 9686 8353 6267 4168 3890 7997 8319
28 6547 7698 5107 572 1557 6026 5374 9070 3394 4250 6848 4628 5099 4093 2254 4512 4505 6106 7265 9293 1648 4808 5339 7955 5561 8726 2322 5592
3 8303 2851 3310
23 6044 5861 4397 907 4111 9838 7525 6513 1198 9480 1371 1603 4853 9344 2162 2379 5378 8058 4161 4079 8278 7042 9776
1 2758
14 368 5734 5303 7536 8318 5706 4025 3206 3519 6616 2629 1479 6717 9203
21 9707 7194 3370 2633 6908 6730 1741 5981 9348 9299 7247 1818 8235 5823 1187 2569 9413 4812 4095 2968 7586
22 3281 7387 1455 1364 8093 7312 6201 2729 9624 8010 9479 5556 5365 9356 776 6588 1616 1953 2456 1575 2880 5599
13 3614 9548 8258 1485 6178 3074 258 2349 9056 7974 9465 6603 8594
20 2920 5910 369 425 7148 4279 4549 7101 6755 2037 7797 63 3597 1572 8522 3113 5401 9827 2353 6288
4 1067 5669 8080 9915
23 4090 252 120 4491 2048 9038 5375 9205 3213 6205 7866 7961 9050 8241 8045 2849 9587 7530 3014 4977 590 1923 6492
24 5300 2184 4879 7654 9015 5188 2694 5929 5360 1493 2052 2931 1463 1167 2137 8904 7317 3683 9266 593 9849 6792 5269 757
22 622 7516 7045 8401 6909 5779 8693 516 9300 3813 7403 4858 5810 6679 9973 427 673 3243 1808 6795 1801 480
26 957 8665 2245 1441 2059 4828 5050 8645 3648 7763 7659 6326 2084 4798 43 2741 2068 7745 2792 7233 5750 3254 1696 8777 8893 1562
21 4150 6393 5219 2077 2601 7967 639 6268 2504 214 4876 6560 3300 3598 614 7396 3492 9961 9794 3504 7168
1 1339
1 1159
14 7475 183 2861 1338 5181 4572 6945 33 2647 5204 3844 5676 2300 9532
19 8640 4012 9407 4699 970 3556 3127 3266 279 2956 4613 7094 1765 3186 595 5533 7828 148 8959
17 9409 4128 4136 3489 4453 6131 6866 8399 7743 6774 3102 2474 3015 4752 4728 7242 7405
8 9249 3297 3864 8095 5570 1642 3041 8980
28 1005 2527 1647 9133 6593 1787 5009 3997 2477 5619 8446 2016 305 130 3085 670 8852 3118 6183 3911 5918 7310 6592 5232 2289 6136 2704 6693
9 4528 712 6464 5095 7402 5749 3455 8414 840
29 5721 1963 7382 782 5267 6570 1169 9546 403 8542 8485 1504 9800 9671 9939 8148 9709 4746 7871 7340 7106 6557 6343 5820 2394 8097 4735 7842 8625
21 8840 2867 4677 2082 9433 7021 2505 4852 9629 4360 3296 2769 6428 2801 4551 4132 5115 185 5707 7100 3820
1 5226
33 6735 4665 697 8338 8521 5757 5240 8079 895 3879 6814 7730 6346 2404 9882 9652 1448 9075 2023 1960 4384 90 2749 801 3736 1590 8899 3964 3889 5652 1085 7288 2321
25 4788 9647 9710 2570 2930 2900 1979 4167 2935 9328 6602 173 2398 6061 1499 3822 4389 6891 9428 850 2855 7359 1377 7059 1961
41 4984 6329 1489 9602 5996 9320 9045 7572 4064 8772 5351 2799 8236 5187 2041 8742 46 6764 2160 4227 8869 7548 8033 9701 5201 3 4101 122 9902 9948 4198 2834 1814 5039 5993 2811 4928 2936 7688 6226 6371
1 7206
22 6965 5837 1098 9742 9303 6379 5163 4330 5472 9424 1314 8550 7507 6820 1423 3852 6854 4573 9076 4757 1478 3679
16 3555 1132 1907 8307 1203 2124 9856 8354 3235 6796 7721 535 763 7017 8364 3626
22 3655 1239 8030 7386 5116 2174 8988 1875 9722 3159 1034 9092 1775 4809 815 7500 7672 654 4295 5361 6976 7437
22 190 5967 342 4539 9322 8745 1471 9665 7651 9739 6835 7582 9951 9157 9516 53 3250 1435 1982 5776 390 8423
18 5086 7757 3962 5849 9941 4762 4748 4407 2063 40 4009 2034 3180 9494 6631 6534 7615 2224
19 1973 5062 202 6939 4718 7298 8366 7741 634 5997 4745 2844 3192 21 5011 1173 5819 1905 2185
11 9251 2476 1155 8525 5805 4956 2127 762 962 7307 131
24 1833 883 5959 1872 7149 9611 7077 8646 5167 2947 3061 5336 7908 3592 3766 4265 4680 9746 522 6760 8405 3872 9025 8921
29 6654 7171 665 462 4318 3859 4764 9968 5041 1461 283 8590 9704 6332 186 2417 1457 72 803 1957 4212 5924 4447 1007 1141 7338 4116 9918 8443
16 9679 9152 8437 42 5530 7462 3171 5527 6256 6049 4162 3214 770 8078 630 6246
34 1228 9018 3842 1733 6639 552 5566 7118 5135 4398 4327 9370 2366 178 2179 2386 8814 4787 4270 7018 6020 8842 6038 4030 2549 6846 9051 7096 3728 1849 5825 2953 868 4185
20 8708 2439 3877 6808 9919 2479 8817 9969 2040 3763 8049 3874 5199 8417 1099 2283 8061 6032 7968 1813
22 8086 3752 865 9000 6422 6713 9224 9278 278 7260 4710 647 9762 4381 7892 6302 1665 5630 6691 7358 1788 3033
1 6517
8 2412 7947 7027 4672 6968 4122 2926 6533
13 5335 3438 9758 7605 4280 7671 8810 6230 323 2131 1760 401 3633
1 4471
24 7379 3759 542 4372 3799 3231 7231 2622 6643 4667 5610 6442 1130 1388 6431 6259 7031 6666 9895 598 7722 8468 5544 4795
14 4894 7556 3379 9244 6253 9728 8678 8242 2392 291 9898 911 8898 7753
31 7891 4920 7567 3058 4050 3026 8796 4880 6034 2076 4497 9132 4356 4722 774 5314 9110 6414 6308 6802 814 2380 5217 1440 8757 4751 1726 3434 9398 2886 8216
