38 7277 5645 4338 5914 8625 1964 4715 4391 473 996 3182 8349 4325 8493 3110 584 5974 1744 7112 2077 6594 9209 180 3880 1426 2515 6107 9298 8354 3526 1501 1318 857 3988 4872 9869 6264 5690
32 6428 7782 8090 2847 910 1822 3764 8439 7158 8564 9107 2207 5976 5384 9771 686 6719 8094 5230 2508 9560 226 4763 4853 8692 8405 6158 6619 1378 3906 1136 2661
38 2995 4753 596 5334 5545 676 629 6016 6634 1245 2531 2161 9339 2068 2760 3563 7877 6192 7696 9763 8422 6841 4800 325 2420 4357 4429 5762 4729 1718 6688 77 6929 31 9080 788 2561 1177
38 6430 1109 1492 534 8134 2140 2664 1133 9223 8873 8377 358 2654 9842 9910 7525 9651 710 8137 1517 2326 211 3371 2271 976 7506 8785 1570 6593 5294 7280 7156 3168 467 9094 3202 1399 8629
35 156 4119 4469 3181 6265 2858 9956 5148 6280 385 4809 2142 4864 4726 4857 3407 609 2682 1719 2872 8975 6315 6695 268 5444 6373 6259 1529 195 1254 2567 8305 5736 4923 2494
33 820 2711 6214 1186 8503 2037 421 2633 8266 7412 4145 1980 9720 38 9309 231 7493 6321 6226 5013 2246 3337 668 8888 823 1337 6828 7858 2385 6029 8589 4635 849
32 9413 6891 6770 416 8120 8936 4983 1750 8649 3912 9919 5501 2647 5766 7740 305 7075 5622 4570 5672 9511 5625 4234 7954 2476 4209 8363 4138 4346 9786 4418 4087
38 2870 3363 5147 7030 6754 1278 2841 8726 6036 7592 2303 3784 3229 2547 300 9007 2686 1873 2424 8780 1571 3895 5640 9730 5977 9005 8662 4491 5004 2025 5702 1682 882 6947 764 2804 5562 2678
40 6975 1942 1712 4169 7335 9735 4227 7974 3741 5875 8517 1620 5293 3637 2052 4212 1933 6429 6272 2165 9091 9666 7515 7834 9426 1931 7041 1561 3966 7250 6089 3165 7501 9977 4993 9924 2938 5618 8265 9895
34 4935 3827 2332 6623 2506 9625 3091 7227 9725 8042 1207 8499 5584 2255 6085 8248 3269 4551 6692 5505 6403 9647 4162 3822 9946 5620 8806 5710 5019 1454 7106 6881 3038 2388
36 4052 5325 9447 1768 1818 9933 9804 7295 5945 2053 4298 1258 9415 8627 6847 5474 1647 7928 7377 8231 6684 8761 8990 5076 6180 1858 3276 6777 9926 9399 8690 8522 6153 4461 3957 9558
35 5835 1764 7720 9257 5197 6093 4311 1025 9027 4221 7278 8389 5975 6472 1986 2153 116 1870 6892 533 8688 6306 8313 8379 6381 3736 767 3087 1328 809 8146 9723 2532 7655 9481
32 3511 352 7695 9219 9515 4001 3731 2622 5323 8022 252 2955 2028 6318 3127 7549 5820 278 5378 6396 4534 8827 8839 4208 8280 8308 4664 5344 1385 4512 3188 4539
35 9475 9601 7642 5967 7042 3682 1059 9462 3479 9461 8441 3865 3212 5856 2062 8931 9233 6060 866 8475 2324 4955 6725 8304 4405 3017 9938 8382 6560 6797 2627 1015 7885 6647 7690
37 6507 3581 8207 8870 479 3811 3380 6242 899 2774 2541 550 5297 2382 2877 7025 3054 6365 5758 9630 2945 7292 7350 3666 4206 6514 7113 2160 1017 2427 105 4682 8272 6633 8360 1690 900
35 9189 7205 4878 6640 6970 896 7742 5797 6731 5587 3500 4900 1694 9575 6378 6941 6345 1662 7853 3886 8972 2568 5554 1084 2277 5684 7818 9905 2261 5633 8893 4592 3719 3403 7341
39 45 8078 7256 7186 2793 4067 7351 6073 289 2609 3281 3803 5168 5012 3362 3553 3975 3923 4160 3028 3463 7212 1073 7357 2473 5103 8086 3115 7600 6209 3426 1374 197 2844 6013 3758 8092 8715 7272
39 9392 1141 5552 625 2496 4390 7611 7864 6936 6504 1165 4673 2242 8911 1032 4898 5309 7941 1176 4601 1892 4855 6644 4496 8461 9709 3162 1850 9834 5544 6592 3542 6838 2203 5809 951 4354 8819 6301
32 7849 2378 6488 5555 8624 338 3332 8958 5053 1193 790 972 8813 683 337 4421 4623 263 4706 1246 7632 246 5094 4007 3561 1447 8648 5538 2537 3148 4897 6537
35 2717 9988 5326 3258 6928 4046 3898 3318 216 3556 6212 2266 720 9289 9203 392 3286 1163 5162 5839 2739 1054 9794 6104 5340 5636 5891 3793 6679 5571 2626 205 1295 824 6017
40 681 4852 6791 275 4259 3501 7253 6445 1239 4082 3443 6105 9892 5760 1602 7419 4178 6672 2780 8509 8864 922 5716 6100 9196 1469 5081 2270 5458 2172 6196 9013 752 9074 3014 3717 9778 8501 2781 7492
35 2038 5798 1539 1040 1014 9039 5456 7430 9147 7878 6744 4758 1810 2788 3850 1000 5000 5219 2500 4779 3470 8029 2447 6853 6469 3787 708 1669 9221 7644 5985 8164 2895 4339 8314
32 3387 3240 9538 3772 3312 8872 979 795 3783 4472 9084 576 5068 7776 6948 8185 7948 1068 9409 4541 5841 8198 3466 1478 2421 732 8779 4666 2067 7921 3159 5921
35 9191 4071 9445 5008 4507 1148 8885 5910 4009 2024 5706 6395 4950 1541 6163 1680 4440 4873 2316 3622 5330 6706 802 381 478 1252 4333 1699 7224 2991 2422 5466 7900 6240 411
36 577 1415 7787 736 2430 5313 908 5351 8790 679 3429 1555 9274 7522 9332 7596 2720 394 673 7491 30 6786 4033 8321 8459 1757 8705 6144 2669 1974 7524 4688 2834 9358 4965 519
32 102 1660 5939 8740 2512 4607 3680 4495 590 134 2433 2281 2552 4040 3280 2050 5828 3449 1504 8860 2445 1033 9530 4285 3206 9536 1869 9524 9947 2371 9410 9802
35 4078 7760 3492 3693 5462 4436 82 5020 1257 5796 7441 8541 8040 2230 8668 9976 7267 3834 6735 4723 9712 6106 5692 6054 3485 6558 1605 6047 9449 8451 808 9766 1705 9161 7063
37 7653 9446 7574 1066 9128 60 3050 8526 8320 1004 9583 8005 4110 2078 5647 76 9618 2967 8560 8732 6930 2364 4310 7410 8495 8331 1510 3617 2934 661 8520 3936 2716 7371 2249 4111 4789
34 3016 2851 5062 3860 6931 7011 9884 837 6481 3703 5228 484 3158 871 1096 9917 2948 334 71 603 1885 8550 4328 3319 7023 9711 9062 4462 4319 2294 566 8596 6722 5988
38 586 6845 4447 1196 5069 227 6493 9073 8277 6746 5079 3934 204 5530 1395 916 1642 1498 6873 7088 8362 9424 2219 4946 2839 4886 8452 1722 1663 7562 6771 4038 1815 1361 1288 4502 1367 1445
36 5832 1377 5503 2604 3866 4910 7177 73 6866 2470 8182 4032 6449 6456 225 6508 539 4332 3677 6953 2488 7003 3372 7640 469 1232 898 7595 7281 4228 4291 4680 1255 7926 4791 1596
33 3155 862 7096 5185 4560 6348 6255 2057 2232 9338 5277 4163 5509 9793 4565 4599 8842 7130 9390 8288 1763 3329 9693 1332 8430 3578 1997 6251 3959 3207 8270 2493 8799
34 1572 6227 4246 5771 2418 7744 6313 785 6452 7872 4044 5700 4201 8857 4906 6388 1458 9290 8759 635 461 7040 3945 1970 3933 8411 8179 3842 9705 3226 4422 3305 6133 4916
36 526 2156 1925 9868 8297 7481 9120 9708 9121 2687 261 3565 8760 7802 6454 4658 9414 125 628 3477 7587 3657 3574 4738 9626 7070 1273 3999 2486 1658 1811 1834 7791 1601 3062 977
33 6229 8184 766 271 2384 6102 2036 7176 8754 365 5512 6630 5035 8296 8844 6809 3382 2970 4727 193 9998 9611 3566 364 4342 6579 932 8823 7807 4274 2789 6561 2480
31 3922 8698 3235 5209 6258 3735 5333 5308 4104 704 8239 9310 8262 9376 1349 123 8661 947 2034 6861 1645 8947 5563 8136 614 2694 8749 172 3008 341 2518
32 602 9696 9248 9336 8797 5675 9669 2394 7891 8741 3130 5314 4720 9628 9135 9185 895 4424 2309 8186 6775 9009 6165 3862 7452 6917 5728 344 7396 8195 3769 9212
34 3875 1187 4796 5077 2736 7790 7870 9315 9954 7664 7091 359 228 6665 7077 2615 5752 2283 1567 7630 7829 9706 6788 7211 5576 5922 2545 6103 4959 3649 9774 6320 2968 3386
38 9371 7297 3534 598 5207 3442 3275 7061 8478 927 5969 5382 7863 4266 8659 5817 4011 1830 8926 981 6204 6963 2229 6827 5641 7548 1381 1481 7461 2072 1580 8247 6002 2904 1916 3381 7315 7722
38 5254 4616 436 4944 3914 9817 4655 6322 5224 703 975 5274 4457 7815 9502 5768 1796 1314 6502 7018 938 2972 5001 8116 1710 6839 3792 6401 5328 8427 8433 2360 6833 1820 9293 4257 8180 5723
33 1717 7313 2090 2890 2482 3462 2145 6922 9391 771 106 987 7816 1723 933 5395 9216 1352 6398 958 6376 414 8563 3976 3282 5264 9680 1930 9253 6008 8151 3285 1637
40 4467 2209 3562 811 4238 3643 9378 3177 791 6859 5639 4575 3532 6989 8159 8721 1321 143 8378 7265 7200 9140 5495 9473 3732 4554 7420 3497 8408 5785 7073 3996 5677 616 4981 8011 9971 3857 2582 722
35 1579 8404 6001 1704 8464 9123 7715 6267 4642 2525 1020 1256 3506 2184 4081 7973 1706 4072 5924 2341 6850 6689 9085 5929 5321 7827 1782 5765 2302 1951 8068 7789 8132 9607 2894
34 4189 3756 8468 1956 6992 1670 6003 6275 5251 4788 2782 3040 6750 1290 8815 1262 4288 4120 4207 955 9671 4868 5920 8930 6886 6733 4485 7717 4571 6533 2959 120 9782 1793
38 4891 6392 7794 1060 5511 6284 3623 8549 1674 6703 1998 6874 8036 4370 4958 7614 521 2148 5024 8384 8871 5737 8757 2128 4187 9846 6870 8275 897 6926 695 7306 892 4995 4683 696 8268 4871
37 9168 8372 9887 9200 2012 8282 4144 9258 3836 4486 9939 9457 230 9067 3273 4376 5367 3974 2730 2010 2581 2224 3109 7079 2164 6571 8397 8064 3691 8853 5140 8818 7713 2709 8731 3868 9255
33 4768 8579 3632 6879 8717 7116 2873 8924 7347 8646 5406 597 9835 8284 5290 4511 8807 7171 4125 5422 923 2208 4464 4203 2621 2619 7480 88 5864 9535 3072 1001 7641
37 1566 1472 4662 3833 665 3126 2168 4739 147 4116 1167 5434 1011 5983 1908 8611 8538 7623 7953 1416 2226 7248 759 5853 3077 4725 8656 1814 3725 506 7019 3527 9805 8225 4345 1954 6511
35 8858 4804 9960 3505 4088 7922 4710 7603 9097 2138 9394 1127 2179 3989 5951 2887 9434 1936 3175 7184 3073 6353 8571 4399 4991 2458 7874 9206 6899 9667 7413 9474 2786 655 5638
36 7995 3628 328 9492 5472 8829 3150 5658 1985 4530 9565 6312 9436 4483 4204 997 8337 2859 9845 9935 7558 4843 6387 4595 6949 9137 9275 8359 6489 3374 6293 7119 7738 5161 7654 3642
33 8946 3075 1893 8492 6864 3268 5520 7607 513 6205 2797 6559 3069 4822 868 5550 1618 7620 9217 99 1832 8867 7733 3596 7333 3296 3230 9631 7977 9170 439 9152 3554
40 9106 4801 3832 698 554 7394 9811 1890 4636 930 9795 1707 8528 1083 7812 9375 1861 9728 6434 9906 1144 1847 5972 2372 3641 2379 3718 3428 9715 3022 6239 2896 4360 3859 4840 9615 1184 4707 7908 3227
37 3187 9321 6330 5097 330 5127 2239 9721 1300 6244 36 409 6210 54 2705 709 3609 6895 8223 5546 9295 6326 7189 7961 8098 2861 8570 5892 8521 6420 4505 6086 2393 5231 5844 3956 4690
39 4182 2517 4949 8128 5492 5564 9352 8053 304 1760 6437 9362 4885 2260 2412 5200 3893 1135 7859 984 9617 505 8119 5708 6875 9614 2455 5663 9305 2655 1031 2109 6577 2093 8165 8037 1503 4014 2107
35 4611 2652 9727 9584 3519 3264 6815 8681 8494 8249 1839 9317 7484 5036 4127 8824 5063 6129 6253 475 8295 6334 6443 4086 8403 4253 3270 1687 7998 6943 9679 3779 5375 1212 1635
35 3216 5801 4701 7014 7449 8540 4834 2221 5522 6779 6128 2744 1549 1132 7291 2924 3817 7312 4226 234 8996 6965 5799 853 1569 9541 8342 9364 6040 44 5907 1464 4556 2134 819
34 7609 8590 2813 1410 6030 6177 2992 5863 402 6979 1028 3487 6185 8191 3456 6829 5962 210 2185 9757 101 6045 705 3788 7226 2210 7658 8811 4450 2731 1316 8582 7194 8114
36 3440 7662 804 4474 3027 4650 5483 2747 4314 606 3871 739 1693 3144 6263 6287 8691 5600 4748 5718 1606 4555 6946 7027 9432 7627 9775 8508 5992 7987 8192 181 3601 7934 2267 5517
34 1813 8453 3209 6319 4766 502 6459 5868 2058 308 2679 4785 532 9780 5661 3360 2235 8814 5504 1439 2256 6758 912 7684 7403 7547 7565 5518 3947 4150 1449 8061 5178 7049
34 8709 8983 5740 9559 2358 7408 2673 1322 2853 9451 313 8862 7423 3147 3543 8066 1494 3896 2466 9553 7578 6789 1394 8301 7454 5932 6053 2095 5459 5711 2572 637 1946 1627
36 175 7901 7708 7421 1809 3707 6005 8697 2166 7286 164 9936 3904 2983 9178 5601 4591 7949 1761 2171 5804 3343 3043 2792 9480 3638 8525 151 1362 9813 3729 7616 3710 3840 6142 9527
38 3766 2563 23 9957 2000 1976 3582 2815 5783 33 7960 926 5074 1259 7743 3379 9281 3515 4667 1097 6114 376 3063 5971 7221 4836 9528 7963 9578 2461 4810 5305 113 2257 2571 2059 4708 8009
37 5046 4980 4757 5247 434 215 7637 8746 4015 6764 3185 7097 8325 6914 9703 3635 6063 4448 9707 1070 6119 2043 8414 755 326 776 2880 6342 2597 3995 3559 2269 7478 9987 1991 4685 2084
38 2584 8995 1833 3911 8356 5298 8615 738 2868 1420 5510 3254 5407 7536 5963 5834 8686 5427 1401 4851 6380 1876 1117 4054 241 1684 2696 6081 9313 8344 4409 9523 7463 65 5609 7123 7718 9784
34 3256 3076 612 6765 5669 2135 1441 1131 5218 6919 8289 4833 6862 4136 4547 1483 7310 2888 3650 6940 4143 8138 4972 2932 4772 9306 9661 2638 6222 240 6028 8070 1350 9982
33 8551 2765 1348 6461 5156 5553 9966 7367 4175 4302 5506 2310 670 4888 1402 6367 6780 7290 5800 8942 2821 8401 1450 2460 3789 6372 6066 9301 9633 9452 7294 6546 2338
37 719 9049 4473 9814 4501 5041 3302 2305 3950 5713 7842 5925 9648 4079 8603 6138 6954 5913 387 4294 1774 917 6282 9197 8028 3602 5773 9875 122 4173 5300 6022 2866 5849 4674 6830 4977
29 3590 8607 1691 854 8547 9384 6844 675 6446 5105 7330 3892 3721 5118 2724 3061 8597 2108 1654 8113 4142 9086 3699 3135 3112 9208 8918 3580 7688
35 6423 1466 4922 4060 563 850 1241 5671 6341 1433 3654 4736 6188 9983 4100 2589 861 3801 3211 1613 302 5123 7832 9644 4029 5649 4468 3841 7868 5391 5937 4518 1607 2016 1864
34 9111 5673 3104 2335 7529 8052 3907 3186 7028 74 7661 7727 9110 1880 4835 3629 522 5373 6530 6884 6938 8056 8419 4770 5979 1703 8126 8084 5882 453 6266 2670 7841 2681
37 9159 2636 8383 5934 2599 7986 2236 8634 9272 9350 8154 9425 4588 400 391 9970 7275 9821 781 777 4199 6147 6451 4700 6621 5389 9701 829 4675 3613 5589 3752 4416 5805 8574 5877 4275
35 6570 4322 9440 8568 3119 4568 8919 4529 7728 6990 8263 9314 7876 9979 3290 198 5606 5652 8498 1848 3193 307 9429 8767 1343 7657 1646 9948 8555 509 9765 769 1928 9296 7936
35 9215 9740 8543 6402 1049 158 163 3205 3830 5312 1897 2892 9363 9012 1919 909 8148 1122 4470 5186 6232 4987 1649 154 7140 9879 6139 1108 787 2248 8516 4890 7474 3872 1185
34 6042 7914 5524 7918 5908 7219 7575 9777 343 4975 93 6389 3984 4799 9885 5412 6674 8722 4617 5732 5662 5484 7143 9017 2598 9142 4102 4620 607 4042 6818 5526 1678 1099
40 9180 4760 8669 5245 4808 7638 5349 1178 8108 1076 9803 9183 4205 6160 8511 67 1962 8886 7431 1052 5409 9810 3927 255 4924 4826 672 2180 7034 298 8716 735 2491 8567 486 1937 6184 9829 8631 4576
30 1641 2607 8125 1751 9699 540 9754 706 466 2738 2477 431 1218 9654 8145 3136 2973 3461 8283 3814 6494 5468 4731 317 8127 1583 6832 6360 5774 7471
32 8044 377 9850 6819 7279 8063 1659 6292 5125 3489 5887 7745 7847 4019 1524 8435 3199 4829 8882 903 4059 1502 2726 7959 2773 2503 441 1995 6932 6762 7805 7207
38 5482 2414 2583 5475 1192 1175 8751 8663 8834 7296 9781 4289 7024 4997 7328 8552 7247 1829 8675 6426 3920 5982 9419 8847 4653 454 7170 4626 7469 8157 8852 2197 4411 8660 396 5698 4526 2288
32 207 9443 548 4068 2769 4966 2186 3122 2298 3854 1888 6562 5935 7462 8153 2857 3795 2632 2837 5594 4406 248 4301 2733 7686 8252 6602 1347 3993 8953 3970 9354
35 4141 1752 5973 1205 5668 5574 1042 9745 3192 685 1219 373 6820 1002 6693 9228 2790 664 4139 5880 2299 4389 761 9000 1008 2196 5814 5180 9022 2721 7991 378 9573 825 7887
33 4065 1568 9117 9251 6150 7482 7668 8201 8897 689 8025 2725 9089 9116 5451 6176 7114 9931 4434 5187 3376 507 8291 5047 8664 284 1497 2483 5764 192 4058 2901 1990
34 8598 8057 3210 1437 8400 4917 1554 721 4567 7777 7561 383 8486 5781 7811 9466 8639 8279 6072 7126 494 3068 538 424 9171 129 5824 9433 8985 4008 7617 9164 5845 511
33 3123 1425 9591 5881 4 5940 8884 1138 9406 1411 9949 5355 1643 4101 115 7104 6228 3437 2387 8837 1523 591 3357 3980 3627 5445 3510 1404 8880 501 3697 3366 447
32 4974 2086 3681 2693 3417 7180 4183 1151 7541 5748 6523 9254 1852 84 5818 6025 3251 844 8982 3571 7879 4837 1844 1324 6243 4242 2865 3800 1543 7726 4585 3504
35 3636 7937 3720 3361 8592 5153 8699 404 2555 9856 3335 6738 9990 6553 7709 6171 1747 7989 1467 6591 9232 2714 887 9534 2402 9028 707 3673 5575 7125 9894 8484 7965 2215 7134
35 7138 4960 7132 5467 1067 8745 2353 6379 5670 7981 6572 4691 8260 4028 4869 4823 6612 2882 214 1616 3184 4475 7573 8524 4528 5339 5088 7197 3706 3930 6136 574 3589 3218 3436
37 4764 6897 5889 8969 1442 2914 2801 7299 7369 9240 4640 9153 8944 5440 7645 1490 8446 9367 1856 5947 7033 3616 5741 2321 4451 9783 3217 3874 6801 2374 6631 2691 4026 2345 3985 4586 9768
31 3384 3503 928 1745 3992 9096 3733 3238 4948 2136 4025 9548 9247 5852 4090 2204 4317 9598 2419 1780 1471 3397 7145 9819 6260 8515 8979 9828 4881 6480 2423
35 7576 6982 9791 6935 3064 3702 7249 2677 3114 3647 2989 3813 8008 1920 6728 2463 6337 1968 9326 4080 1047 583 9597 6383 945 6194 5735 5319 9657 5719 2250 2976 8077 2349 9556
32 2417 5944 182 915 108 2244 8950 1421 6681 9678 9955 7240 4931 8466 199 1034 8938 729 7725 9344 4814 2411 6487 4686 2361 6536 963 7220 651 196 1071 8816
35 1826 957 4392 5528 3005 2860 1123 9773 7691 8920 5302 9231 1749 1825 5347 924 5761 3220 9716 2658 8210 7353 6739 7127 2580 3935 4445 217 3910 2667 5398 9463 1522 8683 9799
37 7584 4574 6610 4951 9470 2876 2573 906 4629 4252 7598 5439 4055 5397 5413 5327 322 1046 2114 2032 4614 7500 2690 8496 28 1922 2089 6548 7360 8527 6408 1765 103 3161 9968 5204 6627
34 660 1824 4066 4660 2252 7579 8162 6822 6262 2710 8328 7046 3835 3606 4428 6024 3132 8796 492 4740 7813 1741 4372 8312 1157 3593 9623 4783 8747 8782 575 2031 2528 3634
32 9014 750 5149 8513 3350 1024 2906 5066 6554 2346 9753 7916 8211 8602 7068 7459 5379 1783 7898 1351 8480 1941 4439 8059 366 4449 149 4367 9563 9505 5717 6596
34 8141 7148 4671 7569 6416 9606 1758 2912 5693 8375 4231 1485 4527 2799 4818 4696 6601 1838 4351 9050 7218 1781 1950 5655 3761 4041 7892 3586 1237 617 6404 1653 6942 3082
32 3709 8502 4236 3937 7689 1926 8820 605 8957 4089 5401 2001 5603 1548 223 4749 7882 4280 131 5242 1336 5043 9965 5363 9950 9291 218 6745 2510 2544 8514 5208
34 327 5919 3968 5241 2005 1835 1600 4181 2840 760 5253 5369 8122 8562 8734 3819 9672 4213 5695 9483 5037 1013 7476 8671 8856 7497 5437 5873 1375 6920 6972 3030 4771 1921
33 3491 2823 9213 1805 3044 4400 6677 3267 7239 9380 6793 5146 833 5279 3131 9736 7058 3344 14 6466 4056 6035 201 9373 8449 1277 485 8554 5569 4352 1211 6038 233
37 7427 2191 3665 2954 276 7516 5109 3845 7381 5348 3669 2499 8274 9870 4652 8258 881 9993 7076 2080 3390 2761 8787 1736 3231 6336 5087 6645 4744 4000 6478 3111 581 2008 9866 4419 4659
33 3831 445 7047 1896 9236 7020 5117 6753 784 1160 4589 4521 1692 6531 6648 2548 9250 339 5006 9570 9999 1578 5078 3915 4220 9610 9061 6911 4746 5559 5621 503 4188
34 5014 4581 6729 702 3259 9115 9874 8410 6309 7338 8076 1895 6097 3228 1182 1405 858 8963 5581 751 713 1977 9070 7373 5494 5089 1989 3424 1957 4271 8987 578 1551 694
36 701 94 286 314 2916 3763 5400 4408 2920 7896 4117 9854 2055 1158 644 3356 3812 1721 7258 2800 5202 4934 2740 222 4704 840 9083 8048 136 1617 5085 5819 9934 7089 7537 7187
33 8220 3902 9718 8026 6655 1250 5 5637 9880 6944 1971 5055 4921 3392 2913 3241 6484 3889 2251 7124 449 386 4404 4670 921 3221 7967 8112 8409 2616 7801 8240 2155
35 8786 7566 7015 2836 5112 9385 3405 4817 7605 4692 5223 3770 789 3388 413 3484 3416 7308 8334 1553 270 7499 9776 2684 2045 4159 3809 269 9101 7505 1981 3421 5635 7747 6051
34 1048 2766 6497 5756 5529 1675 6278 1794 7800 2238 2322 7993 4241 7352 1436 2092 9160 9002 7102 1536 7622 6877 9162 508 4778 6071 9176 1005 4681 5813 4580 3101 6955 4747
39 1999 2672 5160 9589 8781 2195 1462 208 2295 3033 8442 1944 4938 4641 9260 4941 872 2539 2878 345 7962 6450 5519 7514 1640 3852 8997 2127 4920 7905 1527 2376 9713 1798 3645 561 5851 212 4171
31 3353 4398 1831 5865 7026 7416 4005 393 9395 4385 8700 9760 2986 778 8512 2428 7844 5746 3409 1611 9749 9386 9840 4651 8706 4320 6503 4380 5859 7178 7460
30 9054 523 9506 5534 9033 3716 9329 9078 4630 9126 2590 5083 5018 2900 9381 3672 3047 1403 5385 7262 4899 6458 3689 4624 983 8197 3457 7861 2530 7502
31 3873 2091 4632 6231 5128 6410 4867 5525 7538 4478 1012 4229 5238 7122 1069 7701 1507 5775 64 9465 9518 4508 6122 8075 4362 3713 3219 4459 8776 5591 4978
36 1788 7704 3460 7636 8193 5726 5126 6167 3520 5090 1671 7131 8505 7958 6882 4425 406 2981 4277 8175 3567 3113 7285 6685 4233 9574 2317 7389 5217 7602 4061 5549 166 7764 2809 537
34 8595 7343 9747 1756 2752 9241 7087 3170 1797 4262 8245 2808 5137 6386 4578 9256 3692 6653 2111 1240 9174 1903 9521 162 8789 828 7094 2448 3138 6094 6498 6587 1235 2451
32 2182 1364 5721 4091 3932 1737 593 3411 7203 964 2409 3465 5570 7765 9056 4281 6098 2014 9024 9283 9011 8900 8199 4846 6913 8719 1841 2885 852 9731 8167 9418
34 7674 1204 3551 9202 4957 2013 3755 4093 541 4395 7768 7163 1676 6233 21 3603 5289 5890 7321 8915 3096 5095 8221 6760 1563 1379 6923 2199 5624 1786 6573 7008 8583 7886
35 1386 7511 1556 9685 3373 3323 9489 7526 4048 6535 2722 2909 4728 9187 4092 9 9552 6743 5026 8226 4035 772 9897 8212 5933 146 267 9063 5686 9020 6201 6673 7174 3444 3116
35 9888 9340 9692 1285 3919 2395 8178 4394 3882 2832 5133 3330 8214 3058 8106 9068 3003 1667 6362 2889 8843 4202 2997 5923 7160 6605 5364 1202 8169 4407 1881 9003 869 5836 8392
30 9328 9288 7402 3694 273 8530 7865 1898 194 4929 1683 4844 7056 5993 9923 4815 8960 8702 6083 5034 8091 1843 3977 9881 7453 8994 1263 4698 9918 7947
30 5955 8432 5031 9416 5724 1612 6710 9665 2637 5911 4542 7407 1889 4612 7288 914 7757 2312 1195 1623 5572 4606 1251 4755 6583 5660 8695 6074 8387 2630
32 152 9157 446 6889 7232 8651 4730 4358 2680 902 3340 594 9664 6018 4180 4669 4373 2979 8200 9469 884 3263 3550 7255 3338 137 8929 6769 1281 47 3522 9643
34 9435 773 8654 5898 3659 1558 7721 236 2918 8572 6436 5100 4489 7195 9057 9278 8149 6439 6726 4043 801 4861 176 2035 8923 1827 8922 3478 1685 5196 8244 2291 3913 582
32 6950 7006 9695 7752 4050 7980 3847 1414 5396 2039 1089 9526 6997 5497 9694 4813 3514 7013 52 8155 7943 1940 6067 4849 3469 9637 6366 7107 4793 2456 5473 5885
32 9488 7229 8545 5324 7120 7699 5705 8569 8793 4500 7784 8677 7771 4892 4985 3010 8650 693 6166 5487 2453 463 6064 7945 4024 2987 4366 5276 5372 8290 966 2406
35 5500 3247 1407 9079 1631 5229 2838 420 2511 9420 2522 6773 9303 9844 6836 2348 7778 4232 9046 2173 5605 2023 1065 7269 4484 6355 2392 4721 7551 1762 7951 7470 518 9882 3595
35 7324 1191 3579 5310 7109 6995 1787 8865 9055 3651 8458 6329 7503 1564 292 6993 9008 9453 9616 7758 4525 7217 5212 8537 2596 6987 7057 757 520 349 7647 7746 5729 5050 2783
37 6021 8406 7871 9522 2399 1776 4250 3346 4313 3528 7931 6584 8013 9090 5998 7990 8278 877 1146 4368 9830 7236 1581 7133 6736 4513 562 7137 7055 4790 3237 5747 2119 6883 8774 6179 960
34 9282 3169 1842 1140 9224 9428 6520 5990 6411 380 2937 4263 5059 7925 3035 8437 600 1914 5943 2475 5541 5614 5980 913 5414 2764 1372 1112 2927 6921 4197 9188 1791 6614
37 9925 1359 8399 7894 9129 8701 1095 8012 1904 3018 734 2083 5222 2097 4047 5694 5830 7300 5135 48 1221 2432 4596 2625 3751 7749 1979 6517 7714 2328 5173 5725 2819 5593 5257 9838 8194
33 1574 6956 9031 1365 3640 9785 663 1264 4053 2301 9585 2158 219 5429 452 5124 7785 3464 8109 2220 6462 8999 471 3737 104 2240 4971 3688 2812 634 4762 6960 4625
34 1577 5336 656 3260 8841 9612 6912 6519 6752 2489 4003 925 7336 6582 3095 3568 1771 8908 9387 7881 2026 2650 6894 3969 890 9722 8323 4961 749 7731 937 119 3529 2367
34 7828 7781 7395 7581 3172 4186 7723 2569 745 4672 3167 3313 7767 353 2389 7712 2534 4637 3888 5731 9021 2113 1591 6285 6070 3990 7445 10 235 6660 8416 4962 5681 7649
35 4523 9714 2830 994 3701 1520 9175 9139 5654 7259 1243 8828 1007 8988 5175 7824 8939 8142 6175 8529 8217 7181 5733 2259 9230 3189 1041 9789 9198 2340 5009 7192 9916 5897 9958
32 8653 1531 3781 1053 2101 5368 6295 425 5502 2931 7466 5480 741 428 7363 388 5447 4893 2333 4894 4781 6297 786 699 1546 4531 5950 9904 1672 9349 9995 9969
33 3236 90 4754 2855 4896 9836 8766 2429 9238 2334 7880 5159 1792 5547 7906 4284 2465 3377 7012 3137 9040 4244 5131 3776 6525 4537 1183 8955 641 1022 3349 9555 7652
34 8849 5030 6668 4797 417 3746 2051 5307 5683 3151 5878 9220 6015 8358 6651 8616 8115 9501 8338 2015 9264 2200 9567 9922 3012 4211 1200 3626 6981 2063 4820 1550 6189 5674
31 570 7639 1807 4909 5612 2401 8594 5433 9182 1121 6666 4021 2397 2923 5847 2413 1353 8534 6712 4742 6193 4330 6880 8014 2336 5665 9759 1975 3024 6842 2791
33 7735 9826 3051 144 5171 4393 5682 3587 9851 7651 7409 1329 529 9655 6951 1905 7893 8031 9169 7103 4359 3690 4876 727 6391 8531 8838 4255 2211 1010 3468 2956 9932
33 6424 9890 3025 7115 9227 1862 4006 3396 9263 1588 3573 7356 1882 4031 5023 5366 5904 6976 5691 4862 4471 5648 3293 3539 8161 7797 7182 4848 6 6415 2487 2594 6730
33 3423 2648 6687 7358 8949 9640 2279 2642 800 468 6385 203 8623 7830 8989 58 4276 8355 6350 645 6343 9758 7826 2222 7293 293 6501 5521 8533 731 4940 5007 2507
31 9858 7487 8565 5387 4249 5086 6794 851 250 3544 8123 3364 2325 1988 5438 918 5214 407 803 1625 9801 6608 118 7339 3447 9082 253 4913 4775 277 4361
31 5057 1143 9635 1051 2578 7519 589 6616 1735 9619 5045 7284 4988 2825 2977 3759 153 6134 9659 613 8171 3394 6095 8357 4210 2751 9865 638 1369 1268 5320
39 8424 8299 5532 4503 4239 8324 9268 1430 1592 4387 8292 4577 7473 9529 7387 7766 6849 9739 6908 5265 7167 2237 2060 9323 4493 3419 6939 6589 401 6805 2875 9945 4326 1728 6709 9030 5960 3472 5707
32 9543 3704 5195 8003 8083 8910 2359 1593 5157 1299 943 6344 5793 2040 1244 3730 6375 9421 6991 1088 9596 744 3473 9239 1230 5902 9539 8510 6717 3760 4866 7215
29 7545 3533 810 2459 1422 2746 1282 9599 1525 2947 2513 2502 1303 7860 1552 4676 9674 4299 7762 3900 9114 4427 5558 8788 6059 4517 9438 362 647
32 4077 6557 8386 2557 3201 9772 949 8968 1821 1310 9921 6590 907 7532 9334 8630 1114 4129 834 500 1180 1384 8209 2438 6101 1900 3369 426 1615 6776 6680 9138
32 6190 6597 1779 4824 3954 1217 4703 888 1679 5508 9029 4952 2076 5579 6915 9207 5104 9430 4538 8758 7210 7479 348 5807 7920 9210 4155 894 1629 3664 5489 98
37 8644 2698 528 9732 7867 9761 62 4514 6099 5177 2403 4432 4782 4316 3124 9118 585 2225 274 2130 5174 5236 8868 5602 6004 3093 8676 2443 186 2065 9034 2104 8343 6637 3931 8443 8636
35 5465 7175 2069 6234 6718 6868 6500 6299 3420 8641 9308 2373 3982 2416 9411 6742 611 3605 2695 7585 1806 7710 6349 6855 5025 4912 8188 6317 3459 8712 9863 4619 7631 7066 3876
36 601 8339 5886 5942 4480 5968 1260 4286 5744 5916 4273 1932 841 1883 3742 560 545 1320 133 7663 5048 920 4240 8133 6958 3967 9639 2471 9167 2285 3141 7730 3796 3279 7555 7414
36 4466 2146 405 9460 6482 9636 9751 5416 2167 4828 3604 3156 8150 1104 1045 6585 5894 9279 4743 1145 5827 6807 3046 370 9237 9105 346 7490 455 1305 6041 9927 3289 7839 7399 1911
32 8346 5557 2152 2169 8204 1715 5144 1203 3001 5850 1149 8914 5425 9093 8878 5405 2408 7118 5426 8190 7994 8420 6528 8340 7913 9514 6324 3938 2105 4516 8479 4964
32 2452 8835 6595 2 4386 2126 4076 3858 7660 1304 2509 3825 1960 4919 4371 9359 7909 8773 1224 2988 1748 3052 867 7085 8428 6702 4733 6490 4224 8105 3901 5486
31 8097 5233 6600 2205 170 5585 3118 319 8620 3341 2318 8912 7062 1166 1085 4382 782 5220 6540 5730 7999 8973 9102 9048 6465 8672 2749 3653 8978 9873 6090
31 3815 4397 3656 5237 4151 3009 53 9864 5176 4638 9593 3839 2811 3646 3495 7564 3204 3824 631 6549 1388 7594 4324 5155 2282 856 4615 1119 2088 6157 8753
33 2993 474 5952 5938 1037 2963 9382 309 7185 2771 1777 6675 59 4687 8892 4379 8007 669 3213 4482 812 9144 4711 6831 1982 9903 7052 3450 7711 9698 1727 3080 1199
34 78 1599 6347 5903 3339 7698 7323 3036 8421 5167 4315 1603 6084 1082 4504 9677 1934 7242 2982 6075 1341 3261 9896 8869 5267 5961 8010 1874 8043 9542 2501 9398 2556 7756
31 3233 280 2442 5113 1590 9967 1795 9537 5170 7869 2595 715 8907 8604 3065 1636 95 9276 5899 6476 1201 6937 988 7902 1500 714 2478 5491 8585 6898 1766
33 3452 2330 4458 6374 5423 7992 408 4137 2027 6162 8316 9270 8309 1516 6574 5803 6143 57 2527 6768 4865 5986 4649 4854 8467 8079 9602 4039 8058 6867 2516 3334 6148
31 929 1035 3899 6463 4717 2323 1994 2770 1368 9044 135 546 8558 8038 3944 1358 4335 1511 5651 6527 2272 6333 9843 1018 2437 6761 7810 2881 371 7978 8696
32 8896 8143 968 2253 6876 8381 3203 8235 5403 8055 4153 5442 249 8140 9681 4737 6302 1346 8396 6417 7093 549 1159 1438 3307 1110 6659 9962 2706 145 1345 6835
32 558 2351 336 9632 1124 6421 8711 8756 2745 4745 3195 5802 3078 2656 2017 6338 815 6078 8804 9867 1116 3342 7193 6636 5234 2964 3214 4702 427 8317 7608 5193
35 1817 4303 7397 7060 3620 4156 6027 6522 4465 2624 1872 7753 9855 239 2657 2869 4839 6521 6079 1789 3125 9726 19 5421 2002 9205 1443 5599 5936 990 5543 9767 6269 2007 5033
35 9284 1573 8205 2365 667 1597 1515 7488 2608 5424 1354 8238 1431 2100 6814 510 7792 4925 3753 2193 5040 3325 3056 2592 8795 7 3223 9652 8902 8810 8895 368 1313 946 8670
30 1030 2554 3322 1390 7086 3949 185 9495 3785 4679 3507 2033 3393 8489 6968 5590 297 303 7975 2344 495 7599 7198 3523 8302 4631 4437 6371 283 3517
34 1965 2198 6245 1139 1560 7625 2701 8368 8285 6361 794 6296 5119 1309 4344 1459 1091 7298 4761 4230 1840 2047 7635 3245 3097 1514 6848 2454 730 9023 5471 451 4256 6121
35 6808 4661 1595 9820 6200 34 1100 2048 1644 3292 8798 4452 7390 3262 4375 403 109 6945 5191 4488 618 5628 2754 3255 9226 433 9369 3823 6273 8777 7164 5430 2306 870 7540
30 8099 5703 5613 3972 7458 1863 294 7022 8831 8506 111 8652 9862 8956 4218 7035 9214 6962 5617 7634 3658 142 1506 7799 7683 5870 340 7772 7165 7326
31 7179 9104 61 9806 3 9719 9831 4069 7915 4251 1477 2558 8131 6552 9081 5994 5842 8276 3085 2319 490 1901 5788 5872 18 5337 7705 7090 7435 1150 3375
37 934 9594 27 2241 8481 3598 3367 1236 690 6274 6328 5343 1301 7761 3146 8899 7846 5848 1879 1453 9876 8087 6009 4572 1043 7940 9132 7169 2117 2434 1790 8306 8637 4532 5926 8771 5644
32 13 2996 8366 5917 8875 5826 4784 7144 4887 7375 1784 6473 1248 4064 1709 8448 2606 6298 7276 3458 6384 9981 7783 5623 29 5011 8940 5615 2712 7002 6564 3071
33 7883 7337 2785 9787 5377 1505 6444 970 3079 4874 2274 1118 7037 6145 3415 8255 3963 8168 9066 7932 2133 72 9125 458 6840 316 6335 7477 9517 1967 8236 9724 63
32 1587 3198 6720 7183 1036 5855 5860 8992 184 4953 8904 363 4062 3986 4689 4583 6716 66 4438 4648 8233 8703 2605 2159 6316 5981 7618 9285 940 1446 2380 5392
29 9872 8504 89 9019 7890 1210 3266 8991 9184 5772 5278 3545 3670 2188 8352 2551 9355 6607 3960 1190 7325 6641 723 9450 2046 843 3328 2481 7775
31 8546 6578 747 422 2768 5883 1344 793 4334 7345 6813 9370 6137 3152 4549 2653 1 4847 8016 5431 165 5165 1987 8998 8632 5515 3588 6377 9645 2386 6787
28 7633 8961 7235 4214 3762 1562 7572 4356 7680 7190 4544 5699 9372 4343 7099 982 830 2929 1480 3395 5743 6254 8647 978 9347 2441 3826 4821
31 671 1512 4994 8431 8118 6983 1855 15 1009 435 9808 8877 7039 1915 865 7509 9800 1535 9103 8866 4842 657 9638 942 1470 2514 3308 1323 6524 6969 1993
30 666 4349 281 7724 6237 4639 320 9437 6331 3105 1708 5770 6206 4943 6539 6905 481 8367 6140 1334 5145 3309 4613 7583 2311 3274 6988 1270 7806 9700
32 6603 2297 8523 6046 2940 3524 3347 8006 5580 2613 2843 2061 1269 168 7000 1948 2645 4417 3684 418 324 8444 742 7971 4709 3572 2978 1594 7152 5092 836 5273
30 6197 724 7606 4751 40 6382 6123 489 6409 9059 2601 6037 1688 258 6115 1056 9796 6698 3004 1366 260 6031 8962 2884 1576 7930 2357 1105 9697 8351
34 962 1938 846 8434 6168 7707 5680 8072 3722 9961 9133 1759 9733 323 8889 3631 5441 6721 2683 96 775 3805 7808 8082 3714 3365 9331 8104 7523 2533 127 1891 3829 3531
35 2265 3179 1339 3383 3679 5751 4219 4152 8046 3537 8532 4348 1610 3398 6033 8976 237 2817 557 7681 8764 5573 3432 6957 6896 4198 242 5358 50 1878 4984 9045 5970 8539 9827
30 8394 6778 9130 6869 515 630 2794 8812 2415 5578 7282 7370 1544 6006 318 6714 440 4911 2827 5283 5143 5753 2162 2079 5560 1626 2718 3668 3530 7911
29 654 5535 5608 8286 7384 5566 3557 9963 91 3439 2846 1074 1754 9750 3926 643 9252 1391 6512 2029 3414 9519 2074 4907 5527 9710 3652 1638 9163
32 9742 3496 5476 2042 8237 2519 4795 7054 6369 6854 980 6690 4443 2935 8536 3011 6433 4113 3971 5003 7314 8822 6219 4073 9859 5039 4593 2264 5215 5432 2829 7774
33 8724 5837 4166 128 6092 6620 9937 3667 5353 9975 4004 2176 9973 6918 1168 7560 4825 2404 8254 7196 3013 2700 342 8580 4558 712 8836 4584 6327 491 5953 5227 2436
30 8407 1846 9361 7244 7985 357 7773 1412 6686 5739 4388 7942 7188 1126 5093 2464 2741 1927 2407 8491 7447 8 2688 7017 5243 876 7601 3940 9071 6865
33 7822 9498 6857 3618 2293 5460 6304 7201 9172 437 4363 1423 4223 564 6082 4986 9060 4845 2708 1156 7510 7550 2628 7254 1455 9146 2905 9181 859 497 8024 8298 711
28 138 4805 8952 429 6973 4195 7679 2129 4724 9554 4520 2120 4402 7739 7044 3599 1161 4645 536 8230 1356 9245 4426 818 7050 2041 4540 8465
33 1387 8977 874 4034 9752 5058 4621 1767 1242 8655 8224 9815 301 2685 9464 4420 264 7307 5790 5958 8158 3088 9901 9341 6477 8326 7048 4337 806 5650 8062 9404 8694
31 3877 6154 2524 961 9484 8954 8970 2331 3100 4306 7415 6609 7400 2276 8371 8436 2006 8051 1673 595 599 5754 6080 2529 7101 9124 1800 4811 4699 1665 4915
29 8085 726 7031 5965 6961 3139 1283 1521 2313 5769 3683 718 6191 8832 5352 6010 2560 3102 7129 6964 3738 8069 885 3994 7342 2398 4479 282 4875
27 9764 9417 9940 8438 9790 4553 662 3558 4174 6715 8147 822 8665 430 4045 2671 2757 4164 5463 8457 1534 5190 2383 4196 12 8640 9192
29 5777 1130 9366 450 3476 1429 2137 7406 9571 4190 3481 4431 2370 7589 4098 1530 733 8196 2521 4618 748 6116 5184 6887 2962 573 6755 1851 5666
34 9211 3482 9743 3560 3295 5829 4165 5318 3225 0 6547 1120 4292 9500 6224 5259 3502 7146 8373 1918 3884 1656 2941 8825 160 4403 3084 6339 6356 2703 4827 8187 9860 5255
31 746 9360 6062 8073 9797 7976 4628 7016 2258 9235 8322 5900 4684 2943 1444 8605 9455 6837 2798 588 1619 1400 2676 8102 543 8393 8219 8376 3962 3059 124
33 395 1038 3575 8890 779 7383 9915 5435 6902 9267 7038 8318 310 2833 7043 1137 6448 3370 6851 6518 2806 6900 279 6023 4939 7451 1586 5286 5402 2094 3583 2814 5561
33 993 8183 3878 4765 8586 2756 3391 171 792 8577 3780 4413 3794 7082 9072 7340 7809 32 6483 8129 9471 1338 7083 9396 9234 3053 5316 3081 7542 9320 9687 224 2103
32 4107 6671 5213 7191 3291 6464 3917 2748 8518 7078 7135 8213 2355 6581 6182 9299 1457 6146 4557 1955 9294 6568 8071 2363 5709 2177 1287 480 3816 4714 2952 2659
32 4049 8730 8934 3385 1152 2144 221 6112 2247 22 2960 332 8047 9043 8124 1382 2462 7803 3359 4609 3754 6863 3549 5871 8748 1086 4108 1518 7741 936 6061 6164
28 9038 5984 487 7084 952 8462 3804 9762 7629 1435 39 1935 986 1308 4112 1272 5825 2723 8208 4245 8287 9508 5996 3196 5548 7424 1315 6575
29 6638 9136 8850 3951 2767 5360 1487 6215 2538 3166 4665 8413 7157 1029 3525 633 8319 1973 483 4441 7825 1476 6903 880 3727 6308 677 5021 75
30 3611 8472 4773 8778 6748 5258 397 8913 5084 5523 1545 5592 5249 3121 412 6414 7238 8610 2564 3378 4786 3475 1949 8229 6909 9557 6447 7843 6149 2980
35 5262 1247 5794 6117 7798 4716 4304 9504 4454 5071 6225 9839 642 3284 3321 2759 2369 8713 3250 9683 7823 9509 1291 774 7646 4216 7311 9691 3257 2732 8803 9099 8228 6650 697
29 9246 4989 4543 4803 2614 4573 6485 6622 4550 6230 6800 6707 5106 3368 5075 758 7206 5287 4085 4498 7283 1357 7665 25 3239 7968 5712 265 9577
32 8039 7222 5206 4870 7552 2304 229 8500 2762 7927 7374 5597 9087 4582 2852 5782 9010 2845 6432 2663 4787 6682 2831 423 4336 6077 1266 3041 2807 2585 1738 5738
34 8267 1424 8710 7979 1983 3324 3953 2085 5542 1547 9477 9324 7703 5189 4990 832 6749 8095 6111 4610 9487 6307 7780 5858 1859 1331 3838 4850 517 5787 2123 2400 3106 2994
28 9155 2713 1734 9646 9052 6790 7436 9242 5742 9853 2009 5064 9809 1650 2893 3287 4453 8303 3597 4816 3521 3352 399 9143 9476 5918 5365 3708
26 1753 159 68 2971 5244 5714 7988 8251 8974 8215 4914 4930 2342 9668 1173 904 6124 7732 4269 6642 3712 3163 9353 3197 1473 7917
28 3171 9913 6664 6925 2535 2339 8281 4282 7316 5183 3774 1493 140 3981 3723 6323 7438 6058 2192 4668 8557 7933 8160 9886 6169 1486 8743 2719
26 9688 8971 3149 9454 5949 4278 5446 2289 7304 8369 1742 3695 7588 1461 6545 4492 5419 8259 97 5722 9486 9348 9025 6181 4643 2565
30 6669 626 5653 6509 4126 7149 3625 530 8483 7610 4519 92 3807 178 6904 3978 5295 3728 9516 7535 728 9649 4176 9686 2214 1939 4237 5374 845 2611
28 2163 6980 8166 2472 4476 4192 5901 2337 6550 5028 1526 4515 1261 9959 7053 1828 7273 3408 6759 875 3749 3591 3498 3687 7518 556 950 6173
31 4759 5846 2933 6910 7147 1740 883 2536 4444 5879 7955 2030 9127 8861 6811 6772 5978 4693 6050 7225 9316 2490 8473 7302 3023 8742 6325 3734 6496 2957 9204
29 6257 7946 2649 9459 6407 2049 1681 2375 1804 5138 1802 5821 4243 7432 2390 863 3271 7385 9507 5688 9266 6087 2366 7263 4296 8032 860 2850 1298
29 2381 6785 1816 1772 2343 8966 2154 7675 4831 5350 7873 7429 2577 9261 5067 369 8667 4305 9911 6131 1528 139 114 4979 2618 1958 9748 1559 7260
29 8315 6543 5941 8851 2469 1325 238 5857 9456 2908 8460 7401 8917 2116 5874 8925 4128 5565 5539 247 6734 2641 7736 9503 7857 4297 1115 8744 6135
27 4830 476 9951 5461 5263 1448 9229 9675 2132 1837 4401 3020 567 1406 5727 3067 2727 5056 4070 4604 1992 5995 464 2505 2189 5042 6216
27 9194 3856 4481 3278 879 7957 6551 9393 1871 6824 4140 9871 9490 989 6438 8336 6967 179 9807 9663 7274 9193 640 2275 3074 3918 7348
30 5354 8447 8678 4802 8261 4718 8293 3019 3103 3905 3086 6860 4293 7007 1147 3983 2287 7700 2174 6505 5697 1775 770 783 8174 1947 5054 5481 9431 6065
28 9662 8903 8733 5005 3757 6985 7513 6978 9531 1215 3454 7682 1063 1496 4750 5806 100 1075 9357 6370 9036 4741 4877 3355 6397 3474 1484 1773
29 5370 9243 7329 5116 1907 4933 1913 132 4969 87 2919 5304 3846 6352 5027 6220 3418 9077 5150 6127 6019 3538 9608 8576 2498 3092 8548 4063 6491
30 3265 2550 1468 7496 5632 6516 4587 3881 7467 4134 8398 1307 7875 9689 3490 8455 1661 5356 9292 5199 4261 5099 4536 1628 6541 5158 4381 6495 7322 9343
30 8246 8657 8080 7309 9042 2141 8250 4903 7379 3777 7671 7243 8755 9792 5477 9098 3253 524 2871 8181 9472 9496 8388 7287 7923 6901 8916 4353 5915 1778
27 688 3765 544 9592 1267 8575 8791 3745 6708 3546 2122 2842 3778 8762 2125 7912 5252 444 6691 1432 3726 1311 8845 7856 9580 126 6014
30 8948 7173 2715 2570 5598 4084 1229 3513 7045 8573 2610 2495 1103 7199 6629 4970 3820 762 9920 5271 6834 6467 6661 6248 2559 8241 9991 6737 2157 7264
25 4634 7793 6699 817 6283 1969 1093 6057 5556 7597 9482 3955 8426 7919 6998 1376 8921 847 725 7301 6289 8535 2523 5361 2504
30 2805 3145 8561 6152 6151 4535 6351 443 9825 8093 6747 4545 8723 4533 8801 7150 8341 5268 3869 5415 6314 4225 7391 6281 9342 2862 7214 7852 4767 6172
26 7382 5583 4327 3696 6580 1542 8488 4193 1370 9545 5689 6486 1418 6156 1713 756 842 1101 9319 542 7139 6431 8935 5032 953 3021
32 9561 8227 3987 3518 7845 1373 7110 8000 5822 9634 753 8943 9218 9158 1929 6406 5132 9588 9400 9427 2327 1213 8674 7507 7303 3676 8045 79 9586 6626 2620 496
29 816 8927 9755 9984 931 813 3297 209 7111 9737 3336 7071 1389 4423 9902 3389 1819 5643 5810 5038 2131 9269 1162 312 8203 6159 7837 5284 470
24 8121 9756 5129 2479 6113 4694 2021 8848 1519 5514 1799 8855 7005 4633 3400 9262 5931 6346 9550 5120 6011 1393 2273 5240
27 8440 6888 4442 4248 1055 9546 4185 1532 1668 1589 3685 7557 4109 3799 5331 9779 7372 5449 6723 2566 5101 7121 1943 1540 2879 8898 6588
28 7613 2803 1909 4415 8714 5210 9356 3486 2435 8680 2802 7213 4430 680 1142 2484 9156 2602 5164 1463 8881 4121 6799 3157 6667 5948 8412 7534
29 482 3929 3630 8130 9816 2218 6566 2644 5457 4446 2457 8628 1460 5905 3317 245 9312 3890 1732 992 7051 1475 4463 6569 1279 6203 6311 5789 1508
29 1434 7855 7494 7694 8327 7769 5610 6359 1836 8783 4792 3925 8967 7404 4713 4157 7556 8720 6195 9199 4928 9682 9569 6499 7604 6532 2915 1106 7234
24 3775 498 8906 9907 740 80 9006 83 7059 2314 8901 254 7437 3615 1582 9746 7904 1155 3577 6076 8708 5586 7568 6422
26 7539 8027 1417 462 3049 956 3427 3304 3791 9952 5281 2818 6044 6624 2631 1495 5357 5616 9271 3200 3224 9878 4973 1634 2999 8932
30 188 8049 2212 6966 5166 3326 8553 4247 9889 5096 9222 2944 2056 1452 838 9325 9734 1906 7433 9944 6529 1077 2190 1633 754 7508 4947 9388 6390 5065
30 3288 4794 3471 460 1080 4018 35 8609 1440 9186 7142 8206 995 9051 1701 5833 6611 8310 3885 6792 2665 8021 2377 5225 374 1396 5734 4548 7850 7559
28 5130 8177 6959 5516 5999 8937 7117 9660 4095 886 7939 3134 4603 2704 5479 2425 3007 5362 2816 6852 5792 814 3015 9001 448 9100 3555 3748
31 4494 9037 4769 3410 504 4722 150 8645 3037 2707 2835 3431 5291 8332 2903 6399 1866 6924 8519 8023 1265 5335 2081 8361 4563 8951 7440 8081 5507 8307 8385
29 7426 5388 9942 5537 7650 9549 8050 9622 6186 4272 9368 1630 954 8883 9177 1488 6400 7428 646 9512 7446 3861 4267 8088 9069 415 7246 5779 6441
26 1312 8170 9930 8234 610 7944 4017 5121 4374 798 4295 5122 8621 4756 4118 5060 6604 5203 9744 1912 7376 9642 24 2969 7996 7527
27 4433 4996 659 5436 971 4350 8581 6300 1317 1233 4460 8350 7001 6544 5114 6565 5399 8271 46 7444 7895 7128 8606 7544 287 6598 7162
30 1125 9568 4279 7161 5226 4677 8176 8454 190 1427 472 360 1023 1319 6368 7884 2666 5270 3129 8425 3089 1945 1153 2284 4510 4646 1474 6303 6821 4605
29 9166 2777 5696 1220 5201 7840 1253 3215 2243 1092 1585 8775 2082 3942 2939 4146 335 355 7398 944 9684 3739 2856 4287 1227 3958 9403 6732 5211
26 839 9075 2526 5182 6767 4096 8679 6218 7755 2320 6856 7334 5169 7838 1223 169 3535 9717 7168 5469 8474 5381 6534 6783 2143 3870
26 3782 1113 350 2640 5896 4858 572 1098 9883 1226 6238 1371 9389 1170 5540 9047 1231 8608 8735 7266 8622 4927 717 8830 8784 6405
27 2795 4807 9304 9397 4307 2450 9149 4579 6586 7554 1489 1249 1451 367 4106 4654 7956 6803 1984 2102 7498 5342 7154 3406 7261 4268 7368
27 1769 8364 7448 9891 5151 7327 311 8728 5659 4945 2044 5073 2617 5767 7888 6649 2307 3031 9566 9265 1953 632 3098 8117 4895 4956 9741
26 1062 8017 7969 7528 4323 3619 7748 619 620 3494 5811 1280 6996 8578 6802 2492 4806 959 7092 8965 4884 7386 9422 9650 4097 7907
27 2202 1924 3867 8471 2439 4734 2233 2689 8617 4168 1214 9458 6457 1094 9122 649 1565 3445 5626 2356 4036 4999 5536 3404 7697 7270 2149
28 8152 1021 69 1465 3242 243 7455 7305 7531 6763 8015 7586 3512 4522 8333 9929 7624 827 5656 7567 9620 5795 6798 3467 6332 4135 5410 6632
26 2864 8415 5895 3164 5499 4597 8673 4880 3508 7706 9497 3849 5450 6741 5443 3837 2070 7628 5061 315 1966 6782 262 621 5256 7533
24 5383 457 7929 4777 571 9165 1917 5301 5490 8253 2897 5080 6878 559 7763 7546 1910 9532 1284 3864 8243 516 1027 7021
25 6683 288 7442 919 1276 1342 2064 7268 9857 7237 9824 3747 1664 8707 1584 5246 967 5745 6109 9004 37 4905 9148 5928 6055
24 1271 9131 7982 9190 9302 7464 743 3176 5142 2867 2178 855 3700 361 1169 2886 9195 7669 8635 8739 889 624 4254 6413
25 3128 26 8273 3610 8257 5596 5862 5235 2891 1128 6026 7831 4027 3552 8587 9016 8704 6825 296 7354 5946 3354 8959 4963 8618
23 3991 2228 5181 2018 1222 107 3715 8794 1292 1695 8826 1294 5299 1383 3790 8817 8030 8772 7517 9912 4998 8216 1363
23 687 4937 780 9629 6049 8365 9327 1899 8507 2576 5786 9564 17 3973 935 8101 2784 826 6713 5678 7593 6843 9604
24 551 3099 9899 7910 939 2562 9499 6364 7209 5488 1952 1482 6846 2187 2692 6724 3142 1696 765 3133 9201 7100 1697 5044
28 5595 6890 1860 7151 1604 6007 3997 6615 6236 4158 4497 1867 8144 5611 8345 7702 7795 354 4016 4863 5607 8633 9978 8736 3607 9383 7422 3107
24 553 5136 3333 2755 3455 7065 3802 4396 7257 7355 4179 6291 3786 1456 5816 6199 5288 1026 4283 372 3909 4954 8353 7820
24 9992 6635 9627 5052 8423 7468 2286 3194 2520 805 3894 1894 112 4509 2899 6394 3624 2796 3943 1509 9244 2268 8619 8395
24 6796 5345 5115 653 1639 901 5704 991 2643 3303 3828 623 6170 5239 6288 1286 9088 8612 9479 1731 7521 2911 8879 9478
25 7216 7475 7230 8445 9540 9407 7866 8469 5687 3298 3174 3584 5720 3674 86 9119 398 9345 3000 3413 3154 5386 8750 7997 5453
27 6425 6294 16 432 4355 456 6286 8876 8588 7950 2020 9287 157 9609 9852 7425 1087 6934 5141 7897 2926 8002 6654 4600 8374 9544 3399
24 4057 1491 3921 4926 375 5051 1689 4524 7202 257 70 1557 6213 568 5531 4103 6555 1513 1129 2115 3661 6012 7004 1648
23 2874 130 4697 4627 4377 2728 3678 5533 5332 3585 1409 2315 2087 6120 5179 2958 1072 6986 2405 5685 7729 6639 4644
31 5049 9441 1746 6871 8613 9980 4942 5759 2950 2542 6268 9690 648 4456 1621 1392 5646 3961 8242 6249 6020 4982 8738 1297 3438 4798 2308 5317 3540 4364 6091
23 552 3903 3844 3283 9494 9439 8840 6412 4882 5417 382 3401 5485 2181 347 4022 9259 4265 3998 5261 4735 2810 2254
25 9670 7984 6250 4976 4030 6427 8001 8476 5906 384 7072 5664 9729 2206 1216 807 5893 2579 6694 7512 9032 2329 6442 2936 5269
23 7439 6474 627 6618 6817 1081 9035 1206 799 1963 7750 7365 2118 4879 864 2750 6700 7862 459 4369 1428 7854 6576
23 7251 4217 7543 8418 3090 3234 2629 2946 3094 965 9525 285 2974 7716 6034 9603 7486 4705 7970 6358 8891 6974 5107
23 1330 6363 9520 81 5010 2574 1326 1724 4147 9448 7344 998 7378 9587 2362 5338 7571 9849 5017 7770 7319 2213 9941
20 5966 1275 6563 8933 5784 1657 5843 8894 6927 3246 7692 1050 9405 5778 6662 2824 4020 8981 2467 9307
20 256 2003 7485 7719 6643 499 9994 8593 1419 6354 5854 512 6223 4752 1884 3964 8456 2778 3173 4037
22 4170 3855 6000 2106 117 8004 3797 3310 3435 1188 3108 7626 5154 5750 7504 9972 8556 3208 5110 2848 9847 4184
22 4122 191 9286 684 6221 6994 4194 9562 5404 2262 3034 8490 5627 8034 5139 9493 2588 6907 9134 4590 6810 3006
22 49 3698 3612 8693 2391 1194 3675 4732 527 4074 5152 6453 5248 5884 7141 1729 2347 5016 9112 8658 3633 6088
23 7380 1499 3744 9467 1174 7405 7450 4657 8821 6174 3026 7836 7889 7231 3569 7098 6984 9377 5091 7457 4412 8402 9510
25 4099 4455 9590 7952 1238 141 4562 3648 8067 4290 4992 8020 8601 9513 3594 5927 488 1107 8905 2612 1812 8559 1655 3422 973
18 4318 4200 2096 5496 8689 9704 2699 2354 7924 7155 5493 7964 1078 4012 1209 3057 2668 9154
25 3316 3331 7667 1854 8463 7392 7835 8391 5701 3314 331 2675 5015 8348 1886 299 8984 7821 3294 6751 9065 3547 2925 2587 4329
22 2263 9150 682 8264 2961 5763 4130 9092 9280 5072 8370 6628 9928 3248 7241 7814 5172 5776 5812 2737 6235 1651
21 477 9621 678 1677 174 848 2928 4002 9833 5808 7615 6977 6039 9641 8809 8202 9572 4936 7677 9113 4594
22 7648 2350 5448 5912 6652 4264 2011 5411 3806 3446 2949 56 4321 7848 4499 7685 3070 7619 3493 2902 5930 8909
21 5815 9076 2775 5022 674 9491 9658 7009 2121 5840 2549 3939 7563 6247 8600 9379 2553 8802 652 3979 8096
20 8566 1608 5867 6393 7105 5964 5791 2743 3441 4902 1225 4191 8300 5866 9402 2883 20 6823 9015 3048
19 7331 4622 7359 3724 6697 3191 5198 4776 6492 9653 2112 3768 4569 7520 9277 9788 6068 2985 7796
21 5134 291 7621 3348 3299 8874 7032 3434 2066 3771 8329 2290 1652 9401 4154 206 821 9953 1333 390 1397
21 1614 9974 941 3480 2917 6256 6183 2124 6187 5346 514 985 3773 2543 2575 7465 7754 5582 9423 9109 8311
21 1179 6756 2201 6816 5188 3243 465 4124 1003 4161 4340 4149 5464 2662 3140 3002 442 2942 4552 8768 1289
19 5997 3306 1575 7349 1306 6606 7108 8482 639 8139 5272 148 7434 8163 5657 5275 3345 4832 419
22 9408 8765 232 4566 1725 51 7472 4383 9249 4602 4883 3740 5755 4812 4023 797 9335 3848 7804 6161 8945 5823
21 6155 1197 5102 8417 5296 3887 2646 4774 9179 7612 6418 2245 1624 2073 9605 1857 6916 4384 9444 8470 7577
18 1700 873 1996 5163 8638 6711 6252 1102 4918 4819 4010 3222 4663 8485 8685 2776 1739 85
21 2396 2352 7361 1302 7483 7670 4856 9812 8294 4215 831 4177 7159 1845 1296 658 9318 3948 8846 1079 3570
23 333 2600 4260 6032 2966 43 200 615 6357 6460 5108 580 2278 379 8269 9676 9985 4932 5232 251 4841 7903 6804
18 2930 5619 6971 8993 7580 9173 6999 1044 5909 3662 7570 7582 6468 9108 1716 9900 9018 1868
19 8833 1923 6676 2674 974 3863 9908 1172 2004 9996 7737 5957 1006 3965 2729 8110 9613 2099 3818
18 4123 6727 5390 6515 161 7983 3879 9877 2593 9624 1803 7819 5452 7252 121 891 1327 969
19 9095 173 4889 3908 6069 7672 7443 1853 2292 4860 8800 2787 7687 5341 5408 2054 8060 6663 9600
20 2965 1016 8727 6419 9798 6276 3277 9300 7346 7172 5642 2702 763 579 7659 1538 8018 6435 6217 6906
19 1380 3272 2194 2071 5192 4410 6696 9297 1632 7208 6132 4968 7204 5380 2990 9064 8986 5551 2497
16 6556 1198 177 5838 4564 9365 1413 2951 2910 3433 9333 1061 7332 6052 5418 531
16 3671 6826 4341 4559 8089 8666 6757 7779 1537 3327 7095 3843 351 8100 4561 6806
18 1398 1293 3541 8256 5757 6740 6795 2474 3705 2300 3639 5393 3600 8173 4908 41 8928 6625
17 8584 2468 7393 6872 3743 6310 4546 2540 4656 8041 272 622 11 7972 9579 6542 4678
18 3412 3300 6538 7693 5070 7935 1972 5956 650 3621 5194 410 8065 3066 6506 1801 2075 8964
16 5082 9989 1730 2183 3315 8591 8135 8599 8626 438 6126 1479 6305 3083 7153 4131
21 6781 2922 2139 6812 2147 6658 5315 9818 3402 6646 4258 6617 905 6270 1234 6774 3351 2170 5667 6952 3952
18 6211 9909 9943 5376 5568 5311 911 7388 4414 4838 2660 3244 1733 155 3655 3946 796 2296
21 8450 295 5959 1961 1865 8718 9533 3711 893 6705 8347 55 6208 3897 9551 5498 3916 4308 8770 7223 5470
14 6657 1340 8687 1039 5329 5428 6670 9893 5098 535 3509 1877 5285 2623
13 220 1770 565 636 4132 9673 999 8684 9337 3358 2953 4695 6279
16 4309 2591 7489 5861 5749 4435 3686 2151 2697 1702 3178 8763 6784 3451 587 6246
15 3883 3851 7751 1064 878 9412 9311 1171 7676 5989 3252 4013 1978 8682 9914
12 768 2410 110 1228 2998 1598 716 8380 9374 1686 7553 8805
18 5371 555 3644 266 9442 2426 8035 3853 3499 6110 1823 4859 4270 3614 5280 4235 6656 592
16 8725 2758 7080 5478 3821 8477 6893 8752 604 7673 6526 9026 6858 547 7817 2217
22 7678 42 2234 9861 389 167 8737 1609 1849 2826 189 7656 1057 7064 7067 7786 329 4105 9576 6704 8487 9837
15 3117 9151 3516 4487 290 8859 1698 7271 4051 8643 2898 3924 5629 8941 4300
15 9058 8103 8172 1134 9898 6567 3548 9769 3180 7081 7495 3750 7734 2444 7010
14 4172 835 1711 4083 3608 9964 2019 9595 3576 6678 9656 6141 2907 202
12 2849 3249 3430 1360 5282 7069 5205 3029 5359 7938 5991 3143
14 6599 2822 6198 3425 3060 2280 3453 3488 9823 1058 7530 4490 3120 1154
17 6340 3448 9053 4904 5876 8642 5420 5869 4312 2110 8429 1335 5888 948 6513 9330 6207
16 9145 1785 2368 1408 356 8222 6178 6048 5394 2022 1019 7666 7788 9041 7362 4331
11 5634 3320 2735 8335 6701 5577 4780 2742 3045 8792 7364
12 5604 9351 6277 3055 5306 4365 3928 8054 5250 692 321 5987
15 6440 7318 9738 2734 3190 1959 6261 4647 6510 1887 608 6290 4222 1875 3767
18 8033 187 9832 3153 5266 3592 6475 9702 8330 8769 259 700 8614 244 5715 8542 5002 7456
15 2446 2150 9822 2921 5588 569 2984 1726 3891 7366 1755 1181 2828 1533 6479
11 7833 3042 6933 5292 8390 4167 2975 5676 1714 5216 6202
12 1808 2440 493 8189 6471 9547 7591 2449 3564 4608 5513 4347
14 6130 6056 3183 2098 9581 4115 213 4148 4094 5111 6118 737 9841 9770
9 306 9141 2546 5631 1164 6108 9582 6271 3808
11 2603 2635 691 8854 8497 8156 6043 3032 1208 3663 3810
9 7851 6096 8980 2216 4133 9225 8218 2431 9346
8 7136 4114 2223 2772 1743 4075 2634 4901
13 5455 7245 6613 4967 2586 9273 8074 3536 6125 8729 1274 5029 3232
6 7418 6885 3660 7643 1902 8887
6 3039 5260 8544 7320 5221 7899
1 7417
21 7317 2175 1189 7036 2651 3798 3941 7233 2753 5567 2639 1090 8863 6455 6241 7228 7074 7289 7166 7966 4712
14 6470 525 1622 8808 4598 4477 3301 183 2231 4719 5630 1355 3483 7029
8 6766 5303 9848 5322 2763 1720 8107 5780
7 9322 8111 9485 9986 2227 7411 2779
2 4378 2485
0 
0 
